<!DOCTYPE html>
<html>
	<head>
        <meta http-equiv="content-type" content="text/html; charset=UTF-8" />
		<title>SwamiQAWorks Test Execution Report</title>
        <script type="text/javascript" src="http://code.jquery.com/jquery-1.6.2.min.js"></script>
        <script type="text/javascript">
            /**
            * jQuery.fn.sortElements
            * --------------
            * #author James Padolsey (http://james.padolsey.com)
            * #version 0.11
            * #updated 18-MAR-2010
            * #url https://raw.github.com/jamespadolsey/jQuery-Plugins/master/sortElements/jquery.sortElements.js
            * --------------
            * #param Function comparator:
            *   Exactly the same behaviour as [1,2,3].sort(comparator)
            *   
            * #param Function getSortable
            *   A function that should return the element that is
            *   to be sorted. The comparator will run on the
            *   current collection, but you may want the actual
            *   resulting sort to occur on a parent or another
            *   associated element.
            *   
            *   E.g. $('td').sortElements(comparator, function(){
            *      return this.parentNode; 
            *   })
            *   
            *   The <td>'s parent (<tr>) will be sorted instead
            *   of the <td> itself.
            */
            jQuery.fn.sortElements = (function () {

                var sort = [].sort;

                return function (comparator, getSortable) {

                    getSortable = getSortable || function () { return this; };

                    var placements = this.map(function () {

                        var sortElement = getSortable.call(this),
                parentNode = sortElement.parentNode,

                        // Since the element itself will change position, we have
                        // to have some way of storing it's original position in
                        // the DOM. The easiest way is to have a 'flag' node:
                nextSibling = parentNode.insertBefore(
                    document.createTextNode(''),
                    sortElement.nextSibling
                );

                        return function () {

                            if (parentNode === this) {
                                throw new Error(
                        "You can't sort elements if any one is a descendant of another."
                    );
                            }

                            // Insert before flag:
                            parentNode.insertBefore(this, nextSibling);
                            // Remove flag:
                            parentNode.removeChild(nextSibling);

                        };

                    });

                    return sort.call(this, comparator).each(function (i) {
                        placements[i].call(getSortable.call(this));
                    });

                };

            })();
        </script>
        <script type="text/javascript">
            jQuery.fn.setBarSizes = (function () {
                return function (metricName, maxBarSize, min) {
                    var max = Math.max.apply(Math, $.makeArray($(this).map(function () { return Number($(this).attr('data-sr-' + metricName)); })));
                    var scale = 1.0;
                    while (max > 0.0 && max <= 10.0) {
                        scale = scale * 10.0;
                        max = max * 10.0;
                    }
                    max = (Math.ceil(max / 2) * 2) / scale;

                    this.each(function () {
                        var barAnchor = $(this).find('a');
                        var actual = $(this).attr('data-sr-' + metricName);
                        var newHeight = Math.max(Math.round(maxBarSize * (actual - min) / (max - min)), 2);
                        barAnchor.css({ height: newHeight });
                    });

                    var unit = "";
                    if (metricName.substr(metricName.length - 4, 4) === "time")
                        unit = "s";

                    $('#testview .scale-min-label').each(function () {
                        $(this).text(min.toString() + unit);
                    });
                    $('#testview .scale-max-label').each(function () {
                        $(this).text(max.toString() + unit);
                    });
                    var mid = max / 2;
                    $('#testview .scale-mid-label').each(function () {
                        $(this).text(mid.toString() + unit);
                    });
                };
            })();

            function getComparer(metricName, isDesc) {
                return function (a, b) {
                    var aNumber = Number($(a).attr('data-sr-' + metricName));
                    var bNumber = Number($(b).attr('data-sr-' + metricName));
                    var result = aNumber > bNumber ? 1 : (aNumber < bNumber ? -1 : 0);
                    if (isDesc)
                        result = -1 * result;

                    if (result == 0 && metricName != "order")
                        result = getComparer("order", false)(a, b);

                    return result;
                };
            }

            var currentSort = "";
            function doSort(allowToggleDesc) {
                var newSort = $("input[name='barSortOrder']:checked").val();
                if (allowToggleDesc && currentSort == newSort) {
                    $('#barSortDesc').click();
                    doSort(false);
                    return;
                }
                currentSort = newSort;
                $('#testview td.testview-item').sortElements(getComparer(newSort, $('#barSortDesc').is(':checked')));
            }


            function doSetHeights(allowSort) {
                var selectedMetric = $("input[name='barHeight']:checked").val();
                $('#testview td.testview-item').setBarSizes(selectedMetric, 60, 0.0);

                if (allowSort && currentSort != selectedMetric) {
                    var $radios = $("input[name='barSortOrder']");
                    $radios.filter('[value=' + selectedMetric + ']').attr('checked', true);
                    $("#barSortDesc").attr("checked", [true]);
                    doSort(false);
                }
            }

            $(document).ready(function () {
                $("input[name='barSortOrder']").click(function () { doSort(true); return true; });
                $("input[name='barSortDesc']").change(function () { doSort(false); });
                $("input[name='barHeight']").change(function () { doSetHeights(true); });

                doSort(false);
                doSetHeights(false);

                $("div.scrollable").css({ 'overflow': 'auto' });
            });
        </script>

        <style type="text/css">
            body 
            {
                color: #000000;
                font-family: Arial,Liberation Sans,DejaVu Sans,sans-serif;
                line-height: 130%;
            }
            h1 {
                font-family: Trebuchet MS,Liberation Sans,DejaVu Sans,sans-serif;
                font-size: 170%;
                font-weight: bold;
            }            
            h2 {
                font-family: Trebuchet MS,Liberation Sans,DejaVu Sans,sans-serif;
                font-size: 130%;
                font-weight: bold;
                margin-bottom: 5px;
            }            
            h3 {
                font-family: Trebuchet MS,Liberation Sans,DejaVu Sans,sans-serif;
                font-size: 120%;
                font-weight: bold;
                margin-bottom: 5px;
            }            
            a.bar
            {
                text-decoration: none;
                display: block;
                line-height: 1px;
            }
            .description
            {
                font-style: italic;
            }
            .log 
            {
                width: 600px;
                white-space: pre-wrap;
                display: block;
                margin: 0px;
            }
            .errorMessage 
            {
                width: 600px;
                color: Red;
                font-weight: bold;
            }
            .stackTrace 
            {
                width: 600px;
                white-space: pre-wrap;
                font-style: italic;
                color: Red;
                display: block;
            }
            table.testEvents
            {
                border: solid 1px #e8eef4;
                border-collapse: collapse;
            }
            table.testEvents td
            {
                vertical-align: top;
                padding: 5px;
                border: solid 1px #e8eef4;
            }
            table.testEvents th
            {
                padding: 6px 5px;
                text-align: left;
                background-color: #e8eef4;
                border: solid 1px #e8eef4;                
            }
            .comment
            {
                font-style: italic;
                font-size: smaller;
            }
            .startupBar
            {
                background-color: #EEEEEE;
                cursor: default;
            }
            
            .colorSucceeded
            {
                background-color: #90ED7B;
            }
            .colorIgnored
            {
                background-color: #FFFF85;
            }
            .colorPending
            {
                background-color: #D47BED;
            }
            .colorNothingToRun
            {
                background-color: #CCCCFF;
            }
            .colorSkipped
            {
                background-color: #CCCCFF;
            }
            .colorInconclusive
            {
                background-color: #7BEDED;
            }
            .colorCleanupFailed
            {
                background-color: #FFCCCC;
            }
            .colorRandomlyFailed
            {
                background-color: #EDB07B;
            }
            .colorFailed
            {
                background-color: #ED5F5F;
            }
            .colorInitializationFailed
            {
                background-color: #FF0000;
            }
            .colorFrameworkError
            {
                background-color: #FF0000;
            }
            ul.subNodeLinks
            {
                padding-left: 20px;
                margin: 0px;
            }
            ul.subNodeLinks li
            {
                list-style: none;
            }
            
            /* views general */
            div.scrollable
            {
                /*overflow: auto; - thsi has to be set from js, because of an IE9 bug */
            }
            div.viewbox
            {
                position: relative;
                border: 3px solid #e8eef4;
            }
            div.viewbox table
            {
                border: 0px;
            }
                        
            /* testview */
            #testview
            {
                padding-top: 23px;
            }
            
            table.testview-items td
            {
                vertical-align: bottom;
                padding: 0px 1px 0px 1px;
            }
            td.right-padding, td.left-padding
            {
                width: 25px;
                min-width: 25px;
            }
            table.testview-items a.bar
            {
                width: 5px;
            }
            table.testview-items tr.testview-items-row
            {
                height: 60px;
            }
            
            /* scale */
            table.vertical-scale 
            {
                position: absolute;
                top: 23px;
                left: 0px;
                width: 100%;
                z-index: -100;
            }
            table.vertical-scale td, tr.horizontal-scale td
            {
                font-size: 60%;
                line-height: normal;
            }
            table.vertical-scale tr.scale-max, table.vertical-scale tr.scale-mid 
            {
                height: 30px;
            }
            tr.horizontal-scale, table.vertical-scale tr.scale-min 
            {
                height: 12px;
            }
            
            td.scale-max-label, td.scale-mid-label, td.scale-min-label
            {
                border-top: solid 1px #E6E6E6;
                text-align: left;
                vertical-align: top;
            }
            td.scale-10-label
            {
                border-left: solid 1px #E6E6E6;
                text-align: left;
                vertical-align: bottom;
                padding-left: 1px;
            }
            tr.scale-mid td, tr.scale-min td, tr.scale-max td
            {
                border-top: solid 1px #E6E6E6;
            }
           
            
            /* bar-control */
            #bar-control
            {
                font-size: 60%;
                line-height: normal;
                position: absolute;
                right: 0px;
                top: 0px;
            }
            #bar-control label
            {
                font-weight: bold;
                vertical-align: middle;
            }
            #bar-control .option
            {
                vertical-align: middle;
                text-transform: lowercase;
            }
            #bar-control input[type="checkbox"]
            {
                padding: 0 2px 0 3px;
            }
            #bar-control input
            {
                vertical-align: top;
                height: 12px;
                margin: 0px;
                padding: 0px;
            }
            #bar-control div
            {
                float: right;
                margin: 3px 5px 3px 5px;
            }
            
            
            /* timeline view */
            #timelineview
            {
                padding-top: 5px;
            }
            table.timelineview a
            {
                height: 20px;
            }
            table.timelineview td
            {
                vertical-align: bottom;
                padding: 0px 1px 0px 0px;
                border: 0px;
            }
            tr.thread-items-row
            {
                height: 25px;
            }
            tr.thread-items-row td
            {
                vertical-align: bottom;
            }
            td.thread-label
            {
                padding: 0px 6px 0px 6px;
                text-align: right;
                line-height: 18px;
                vertical-align: bottom;
            }
            th.thread-label
            {
                padding: 3px 6px 0px 6px;
                line-height: 18px;
                text-align: left;
                vertical-align: bottom;
            }
        </style>
	</head>
	<body>
        <h1>SwamiQAWorks Test Execution Report</h1>
        <ul>
            <li>Project: SwamiQAWorks</li>
            <li>Configuration: Default</li>
            <li>Test Assemblies: C:\Users\swaminathan\Documents\Visual Studio 2015\Projects\SwamiQAWorks\SwamiQAWorks\bin\Debug\SwamiQAWorks.dll</li>
            <li>Start Time: 4/19/2016 1:45:45 AM</li>
            <li>Duration: 00:01:09.3137410</li>
            <li>Test Threads: 1</li>
        </ul>

        <h2>Result: 3 failed</h2>
        <table class="testEvents">
                <tr>
        <th colspan="2">Success rate</th>
        <th>Tests</th>
        <th>Succeeded</th>
        <th>Failed</th>
        <th>Pending</th>
        <th>Ignored</th>
        <th>Skipped</th>
    </tr>

                <tr>
            <td>
            0%
    </td>
    <td>
        <table class="timelineview" cellpadding="0" cellspacing="0">
            <tr>
                    <td>
                        <a class="bar colorFailed" 
                                style="width: 99px;" 
                                title="3 failed" 
                                                    href="#error_summary"
                                />
                    </td>
                    <td>
                        <a class="bar colorSkipped" 
                                style="width: 99px;" 
                                title="3 skipped" 
                                                        />
                    </td>
            </tr>
        </table>
    </td>
    <td>6 (test executions: 10)</td>
    <td>0</td>
    <td>3</td>
    <td>0</td>
    <td>0</td>
    <td>3</td>

    </tr>

        </table>
        
        <h2>Test Timeline Summary</h2>

        <div id="timelineview" class="viewbox">
            <div class="scrollable">
                <table cellpadding="0" cellspacing="0">
                    <tr>
                        <th class="thread-label" colspan="2">thread</th>
                    </tr>
                        <tr class="thread-items-row">
                            <td class="thread-label" title="Machine: VEDHA">#0</td>
                            <td colspan="1">
                                <table class="timelineview" cellpadding="0" cellspacing="0">
                                    <tr>

                                            <td>
        <a
            class="bar startupBar" 
            style="width: 3px;" 
                title="test thread startup" 
        >&nbsp;</a>
    </td>

    <td>
        <a
            class="bar colorFailed" 
            style="width: 12px;" 
                title="ValidSubmission (in SwamiQAWorks.Features.ContactUsFeature)" 
                href="#t-1666592388.0"
        >&nbsp;</a>
    </td>
    <td>
        <a
            class="bar colorFailed" 
            style="width: 10px;" 
                title="ValidSubmission (in SwamiQAWorks.Features.ContactUsFeature) retry #1" 
                href="#t-1666592388.1"
        >&nbsp;</a>
    </td>
    <td>
        <a
            class="bar colorFailed" 
            style="width: 9px;" 
                title="ValidSubmission (in SwamiQAWorks.Features.ContactUsFeature) retry #2" 
                href="#t-1666592388.2"
        >&nbsp;</a>
    </td>
    <td>
        <a
            class="bar colorFailed" 
            style="width: 10px;" 
                title="InvalidSubmission(&quot;Joe&quot;,&quot;j.Bloggs@qaworks.com&quot;,&quot;&quot;,&quot;&quot;,&quot;&quot;,&quot;Please type your message&quot;,System.String[]) (in InvalidSubmission)" 
                href="#t1807523291.0"
        >&nbsp;</a>
    </td>
    <td>
        <a
            class="bar colorFailed" 
            style="width: 9px;" 
                title="InvalidSubmission(&quot;Joe&quot;,&quot;j.Bloggs@qaworks.com&quot;,&quot;&quot;,&quot;&quot;,&quot;&quot;,&quot;Please type your message&quot;,System.String[]) (in InvalidSubmission) retry #1" 
                href="#t1807523291.1"
        >&nbsp;</a>
    </td>
    <td>
        <a
            class="bar colorFailed" 
            style="width: 4px;" 
                title="InvalidSubmission(&quot;Joe&quot;,&quot;j.Bloggs@qaworks.com&quot;,&quot;&quot;,&quot;&quot;,&quot;&quot;,&quot;Please type your message&quot;,System.String[]) (in InvalidSubmission) retry #2" 
                href="#t1807523291.2"
        >&nbsp;</a>
    </td>
    <td>
        <a
            class="bar colorFailed" 
            style="width: 3px;" 
                title="InvalidSubmission(&quot;&quot;,&quot;j.Bloggs@qaworks.com&quot;,&quot;message&quot;,&quot;Your name is required&quot;,&quot;&quot;,&quot;&quot;,System.String[]) (in InvalidSubmission)" 
                href="#t390157828.0"
        >&nbsp;</a>
    </td>
                                    </tr>
                                </table>
                            </td>
                        </tr>
                    <tr class="horizontal-scale">
                        <td>&nbsp;</td>
                        <td class="scale-10-label">0s</td>
                    </tr>
                </table>
            </div>
        </div>

        <h2>Test Result View</h2>
        <div id="testview" class="viewbox">
            <div id="bar-control">
                <div id="bar-control-sort">
                    <label>sort by:</label>
                    <span class="option"><input type="radio" name="barSortOrder" value="exectime" />Time</span>
                    <span class="option"><input type="radio" name="barSortOrder" value="acttime" />Act Time</span>
                    <span class="option"><input type="radio" name="barSortOrder" value="order" />Execution</span>
                    <span class="option"><input type="radio" name="barSortOrder" value="rescode" checked="checked" />Result</span>
                    <span class="option"><input type="checkbox" name="barSortDesc" id="barSortDesc" checked="checked" />desc</span>
                </div>
                <div id="bar-control-heights">
                    <label>heights:</label>
                    <span class="option"><input type="radio" checked="checked" name="barHeight" value="exectime" />Time</span>
                    <span class="option"><input type="radio" name="barHeight" value="acttime" />Act Time</span>
                    
                </div>
            </div>
            <table class="vertical-scale" cellpadding="0" cellspacing="0">
                <tr class="scale-max">
                    <td class="left-padding scale-max-label">&nbsp;</td>
                    <td colspan="10">&nbsp;</td>
                    <td class="right-padding">&nbsp;</td>
                </tr>
                <tr class="scale-mid">
                    <td class="left-padding scale-mid-label">&nbsp;</td>
                    <td colspan="10">&nbsp;</td>
                    <td class="right-padding">&nbsp;</td>
                </tr>
                <tr class="scale-min">
                    <td class="left-padding scale-min-label">&nbsp;</td>
                    <td colspan="10">&nbsp;</td>
                    <td class="right-padding">&nbsp;</td>
                </tr>
            </table>
            <div class="scrollable">
                <table class="testview-items" cellpadding="0" cellspacing="0">
                    <tr class="testview-items-row">
                        <td class="left-padding">&nbsp;</td>
    <td class="testview-item" 
        data-sr-exectime="0" data-sr-rescode="320" data-sr-order="7" data-sr-acttime="0.0">
        <a
            class="bar colorSkipped" 
            style="height: 2px;"
            title="InvalidSubmission(&quot;Joe&quot;,&quot;&quot;,&quot;message&quot;,&quot;&quot;,&quot;An Email address is required&quot;,&quot;&quot;,System.String[]) (in InvalidSubmission)"
            href="#t467803623.0">&nbsp;</a>
    </td>
    <td class="testview-item" 
        data-sr-exectime="0" data-sr-rescode="320" data-sr-order="8" data-sr-acttime="0.0">
        <a
            class="bar colorSkipped" 
            style="height: 2px;"
            title="InvalidSubmission(&quot;&quot;,&quot;&quot;,&quot;&quot;,&quot;Your name is required&quot;,&quot;An Email address is required&quot;,&quot;Please type your message&quot;,System.String[]) (in InvalidSubmission)"
            href="#t-50418432.0">&nbsp;</a>
    </td>
    <td class="testview-item" 
        data-sr-exectime="0" data-sr-rescode="320" data-sr-order="9" data-sr-acttime="0.0">
        <a
            class="bar colorSkipped" 
            style="height: 2px;"
            title="InvalidSubmission(&quot;Joe&quot;,&quot;J.Blogss.email&quot;,&quot;message&quot;,&quot;&quot;,&quot;Invalid Email Address&quot;,&quot;&quot;,System.String[]) (in InvalidSubmission)"
            href="#t-863224505.0">&nbsp;</a>
    </td>
    <td class="testview-item" 
        data-sr-exectime="16.8156904" data-sr-rescode="440" data-sr-order="0" data-sr-acttime="0.0">
        <a
            class="bar colorFailed" 
            style="height: 60px;"
            title="ValidSubmission (in SwamiQAWorks.Features.ContactUsFeature)"
            href="#t-1666592388.0">&nbsp;</a>
    </td>
    <td class="testview-item" 
        data-sr-exectime="10.3291831" data-sr-rescode="440" data-sr-order="1" data-sr-acttime="0.0">
        <a
            class="bar colorFailed" 
            style="height: 37px;"
            title="ValidSubmission (in SwamiQAWorks.Features.ContactUsFeature) retry #1"
            href="#t-1666592388.1">&nbsp;</a>
    </td>
    <td class="testview-item" 
        data-sr-exectime="10.3210414" data-sr-rescode="440" data-sr-order="2" data-sr-acttime="0.0">
        <a
            class="bar colorFailed" 
            style="height: 37px;"
            title="ValidSubmission (in SwamiQAWorks.Features.ContactUsFeature) retry #2"
            href="#t-1666592388.2">&nbsp;</a>
    </td>
    <td class="testview-item" 
        data-sr-exectime="10.3264222" data-sr-rescode="440" data-sr-order="3" data-sr-acttime="0.0">
        <a
            class="bar colorFailed" 
            style="height: 37px;"
            title="InvalidSubmission(&quot;Joe&quot;,&quot;j.Bloggs@qaworks.com&quot;,&quot;&quot;,&quot;&quot;,&quot;&quot;,&quot;Please type your message&quot;,System.String[]) (in InvalidSubmission)"
            href="#t1807523291.0">&nbsp;</a>
    </td>
    <td class="testview-item" 
        data-sr-exectime="10.3217599" data-sr-rescode="440" data-sr-order="4" data-sr-acttime="0.0">
        <a
            class="bar colorFailed" 
            style="height: 37px;"
            title="InvalidSubmission(&quot;Joe&quot;,&quot;j.Bloggs@qaworks.com&quot;,&quot;&quot;,&quot;&quot;,&quot;&quot;,&quot;Please type your message&quot;,System.String[]) (in InvalidSubmission) retry #1"
            href="#t1807523291.1">&nbsp;</a>
    </td>
    <td class="testview-item" 
        data-sr-exectime="4.5858454" data-sr-rescode="440" data-sr-order="5" data-sr-acttime="0.0">
        <a
            class="bar colorFailed" 
            style="height: 16px;"
            title="InvalidSubmission(&quot;Joe&quot;,&quot;j.Bloggs@qaworks.com&quot;,&quot;&quot;,&quot;&quot;,&quot;&quot;,&quot;Please type your message&quot;,System.String[]) (in InvalidSubmission) retry #2"
            href="#t1807523291.2">&nbsp;</a>
    </td>
    <td class="testview-item" 
        data-sr-exectime="4.0195438" data-sr-rescode="440" data-sr-order="6" data-sr-acttime="0.0">
        <a
            class="bar colorFailed" 
            style="height: 14px;"
            title="InvalidSubmission(&quot;&quot;,&quot;j.Bloggs@qaworks.com&quot;,&quot;message&quot;,&quot;Your name is required&quot;,&quot;&quot;,&quot;&quot;,System.String[]) (in InvalidSubmission)"
            href="#t390157828.0">&nbsp;</a>
    </td>
                        <td class="right-padding">&nbsp;</td>
                    </tr>
                    <tr class="horizontal-scale">
                        <td class="left-padding">&nbsp;</td>
                        <td colspan="10">&nbsp;</td>
                    </tr>
                </table>
            </div>
        </div>

        <h2>Feature Summary</h2>
        <table class="testEvents">
                <tr>
            <th>Feature</th>
        <th colspan="2">Success rate</th>
        <th>Tests</th>
        <th>Succeeded</th>
        <th>Failed</th>
        <th>Pending</th>
        <th>Ignored</th>
        <th>Skipped</th>
    </tr>

    <tr>
            <td><a href="#f1116839576">SwamiQAWorks.Features.ContactUsFeature</a></td>
            <td>
            0%
    </td>
    <td>
        <table class="timelineview" cellpadding="0" cellspacing="0">
            <tr>
                    <td>
                        <a class="bar colorFailed" 
                                style="width: 99px;" 
                                title="3 failed" 
                                                    href="#error_summary"
                                />
                    </td>
                    <td>
                        <a class="bar colorSkipped" 
                                style="width: 99px;" 
                                title="3 skipped" 
                                                        />
                    </td>
            </tr>
        </table>
    </td>
    <td>6 (test executions: 10)</td>
    <td>0</td>
    <td>3</td>
    <td>0</td>
    <td>0</td>
    <td>3</td>

    </tr>
        </table>

        <a name="error_summary" />
        <h2>Error Summary</h2>
        <table class="testEvents">
                <tr>
            <th>Test</th>
        <th colspan="2">Success rate</th>
        <th>Tests</th>
        <th>Succeeded</th>
        <th>Failed</th>
        <th>Pending</th>
        <th>Ignored</th>
        <th>Skipped</th>
    </tr>

                <tr>
                    <td>
                        <a href="#t-1666592388.0">ValidSubmission (in SwamiQAWorks, SwamiQAWorks.Features.ContactUsFeature)</a>
                            <a href="#t-1666592388.1">retry #1</a>
                            <a href="#t-1666592388.2">retry #2</a>
                    </td>
                        <td>
            0%
    </td>
    <td>
        <table class="timelineview" cellpadding="0" cellspacing="0">
            <tr>
                    <td>
                        <a class="bar colorFailed" 
                                style="width: 199px;" 
                                title="1 failed" 
                                                    href="#error_summary"
                                />
                    </td>
            </tr>
        </table>
    </td>
    <td>1 (test executions: 3)</td>
    <td>0</td>
    <td>1</td>
    <td>0</td>
    <td>0</td>
    <td>0</td>

                </tr>
                <tr>
                    <td colspan="9" style="padding-left: 20px;"><div class="errorMessage">Error: Timed out after 10 seconds -&gt; Unable to find element on closed window</div></td>
                </tr>
                <tr>
                    <td>
                        <a href="#t1807523291.0">InvalidSubmission(&quot;Joe&quot;,&quot;j.Bloggs@qaworks.com&quot;,&quot;&quot;,&quot;&quot;,&quot;&quot;,&quot;Please type your message&quot;,System.String[]) (in SwamiQAWorks, SwamiQAWorks.Features.ContactUsFeature, InvalidSubmission)</a>
                            <a href="#t1807523291.1">retry #1</a>
                            <a href="#t1807523291.2">retry #2</a>
                    </td>
                        <td>
            0%
    </td>
    <td>
        <table class="timelineview" cellpadding="0" cellspacing="0">
            <tr>
                    <td>
                        <a class="bar colorFailed" 
                                style="width: 199px;" 
                                title="1 failed" 
                                                    href="#error_summary"
                                />
                    </td>
            </tr>
        </table>
    </td>
    <td>1 (test executions: 3)</td>
    <td>0</td>
    <td>1</td>
    <td>0</td>
    <td>0</td>
    <td>0</td>

                </tr>
                <tr>
                    <td colspan="9" style="padding-left: 20px;"><div class="errorMessage">Error: Timed out after 10 seconds -&gt; Unable to find element on closed window, retry #2: Unexpected error. System.Net.WebException: Unable to connect to the remote server ---&gt; System.Net.Sockets.SocketException: No connection could be made because the target machine actively refused it 127.0.0.1:64628
   at System.Net.Sockets.Socket.DoConnect(EndPoint endPointSnapshot, SocketAddress socketAddress)
   at System.Net.ServicePoint.ConnectSocketInternal(Boolean connectFailure, Socket s4, Socket s6, Socket&amp; socket, IPAddress&amp; address, ConnectSocketState state, IAsyncResult asyncResult, Exception&amp; exception)
   --- End of inner exception stack trace ---
   at System.Net.HttpWebRequest.GetRequestStream(TransportContext&amp; context)
   at System.Net.HttpWebRequest.GetRequestStream()
   at OpenQA.Selenium.Remote.HttpCommandExecutor.Execute(Command commandToExecute)
   at OpenQA.Selenium.Remote.DriverServiceCommandExecutor.Execute(Command commandToExecute)
   at OpenQA.Selenium.Remote.RemoteWebDriver.Execute(String driverCommandToExecute, Dictionary`2 parameters)</div></td>
                </tr>
                <tr>
                    <td>
                        <a href="#t390157828.0">InvalidSubmission(&quot;&quot;,&quot;j.Bloggs@qaworks.com&quot;,&quot;message&quot;,&quot;Your name is required&quot;,&quot;&quot;,&quot;&quot;,System.String[]) (in SwamiQAWorks, SwamiQAWorks.Features.ContactUsFeature, InvalidSubmission)</a>
                    </td>
                        <td>
            0%
    </td>
    <td>
        <table class="timelineview" cellpadding="0" cellspacing="0">
            <tr>
                    <td>
                        <a class="bar colorFailed" 
                                style="width: 199px;" 
                                title="1 failed" 
                                                    href="#error_summary"
                                />
                    </td>
            </tr>
        </table>
    </td>
    <td>1</td>
    <td>0</td>
    <td>1</td>
    <td>0</td>
    <td>0</td>
    <td>0</td>

                </tr>
                <tr>
                    <td colspan="9" style="padding-left: 20px;"><div class="errorMessage">Error: Unexpected error. System.Net.WebException: Unable to connect to the remote server ---&gt; System.Net.Sockets.SocketException: No connection could be made because the target machine actively refused it 127.0.0.1:64628
   at System.Net.Sockets.Socket.DoConnect(EndPoint endPointSnapshot, SocketAddress socketAddress)
   at System.Net.ServicePoint.ConnectSocketInternal(Boolean connectFailure, Socket s4, Socket s6, Socket&amp; socket, IPAddress&amp; address, ConnectSocketState state, IAsyncResult asyncResult, Exception&amp; exception)
   --- End of inner exception stack trace ---
   at System.Net.HttpWebRequest.GetRequestStream(TransportContext&amp; context)
   at System.Net.HttpWebRequest.GetRequestStream()
   at OpenQA.Selenium.Remote.HttpCommandExecutor.Execute(Command commandToExecute)
   at OpenQA.Selenium.Remote.DriverServiceCommandExecutor.Execute(Command commandToExecute)
   at OpenQA.Selenium.Remote.RemoteWebDriver.Execute(String driverCommandToExecute, Dictionary`2 parameters)</div></td>
                </tr>
        </table>

        <h2>Scenario Summary</h2>
            <a name="f1116839576" />
            <h3>TestClass: SwamiQAWorks.Features.ContactUsFeature</h3>
            <table class="testEvents">
                    <tr>
            <th>Test</th>
        <th colspan="2">Success rate</th>
        <th>Tests</th>
        <th>Succeeded</th>
        <th>Failed</th>
        <th>Pending</th>
        <th>Ignored</th>
        <th>Skipped</th>
    </tr>

                    <tr>
                        <td>
                                    <a href="#t-1666592388.0">TestMethod: ValidSubmission</a>
            <a href="#t-1666592388.1">retry #1</a>
            <a href="#t-1666592388.2">retry #2</a>

                        </td>
                            <td>
            0%
    </td>
    <td>
        <table class="timelineview" cellpadding="0" cellspacing="0">
            <tr>
                    <td>
                        <a class="bar colorFailed" 
                                style="width: 199px;" 
                                title="1 failed" 
                                                    href="#error_summary"
                                />
                    </td>
            </tr>
        </table>
    </td>
    <td>1 (test executions: 3)</td>
    <td>0</td>
    <td>1</td>
    <td>0</td>
    <td>0</td>
    <td>0</td>

                    </tr>
                    <tr>
                        <td>
                                    <span>ParameterizedTest: InvalidSubmission</span>
        <ul class="subNodeLinks">
            <li>
                    <a href="#t1807523291.0">InvalidSubmission(&quot;Joe&quot;,&quot;j.Bloggs@qaworks.com&quot;,&quot;&quot;,&quot;&quot;,&quot;&quot;,&quot;Please type your message&quot;,System.String[])</a>
            <a href="#t1807523291.1">retry #1</a>
            <a href="#t1807523291.2">retry #2</a>

            </li>
            <li>
                    <a href="#t390157828.0">InvalidSubmission(&quot;&quot;,&quot;j.Bloggs@qaworks.com&quot;,&quot;message&quot;,&quot;Your name is required&quot;,&quot;&quot;,&quot;&quot;,System.String[])</a>

            </li>
            <li>
                    <a href="#t467803623.0">InvalidSubmission(&quot;Joe&quot;,&quot;&quot;,&quot;message&quot;,&quot;&quot;,&quot;An Email address is required&quot;,&quot;&quot;,System.String[])</a>

            </li>
            <li>
                    <a href="#t-50418432.0">InvalidSubmission(&quot;&quot;,&quot;&quot;,&quot;&quot;,&quot;Your name is required&quot;,&quot;An Email address is required&quot;,&quot;Please type your message&quot;,System.String[])</a>

            </li>
            <li>
                    <a href="#t-863224505.0">InvalidSubmission(&quot;Joe&quot;,&quot;J.Blogss.email&quot;,&quot;message&quot;,&quot;&quot;,&quot;Invalid Email Address&quot;,&quot;&quot;,System.String[])</a>

            </li>
        </ul>

                        </td>
                            <td>
            0%
    </td>
    <td>
        <table class="timelineview" cellpadding="0" cellspacing="0">
            <tr>
                    <td>
                        <a class="bar colorFailed" 
                                style="width: 79px;" 
                                title="2 failed" 
                                                    href="#error_summary"
                                />
                    </td>
                    <td>
                        <a class="bar colorSkipped" 
                                style="width: 119px;" 
                                title="3 skipped" 
                                                        />
                    </td>
            </tr>
        </table>
    </td>
    <td>5 (test executions: 7)</td>
    <td>0</td>
    <td>2</td>
    <td>0</td>
    <td>0</td>
    <td>3</td>

                    </tr>
            </table>

        <h2>Execution Details</h2>
            <a name="t-1666592388.0" />
            <h3>TestMethod: ValidSubmission (in SwamiQAWorks, SwamiQAWorks.Features.ContactUsFeature)</h3>
                <div class="description">
                    tags: contactUs
                </div>
            <ul>
                <li>Status: Failed</li>
                <li>Start time: 4/19/2016 1:45:45 AM</li>
                <li>Execution time (sec): 16.8156904</li>
                <li>Thread: #0</li>
                <li>Error: Timed out after 10 seconds -&gt; Unable to find element on closed window</li>
            </ul>
            <table class="testEvents">
                <tr>
                    <th>Steps</th>
                    <th>Trace</th>
                    <th>Result</th>
                </tr>
                    <tr>
                        <td>
                            <pre class="log"></pre>
                        </td>
                        <td>
                            <!-- [Initialization: TestClass - SwamiQAWorks.Features.ContactUsFeature] -->
                            <pre class="log">Test environment set to staging</pre>
                        </td>
                        <td>Succeeded in 6.057s</td>
                    </tr>
                    <tr>
                        <td>
                            <pre class="log"></pre>
                        </td>
                        <td>
                            <!-- [Test: TestMethod - ValidSubmission] -->
                            <pre class="log">Given I am on the Contact Us Page
-&gt; done: ContactUsSteps.GivenIAmOnTheContactUsPage() (0.3s)
When I send a message &quot;please contact me I want to find out more &quot; as &quot;j.Bloggs6&quot;and with email address &quot;j.Blogge@qaworks.com&quot;
-&gt; error: Timed out after 10 seconds
Then the message should be sent successfully
-&gt; skipped because of previous errors</pre>
                                <div class="errorMessage">Timed out after 10 seconds -&gt; Unable to find element on closed window</div>
                                <pre class="stackTrace">OpenQA.Selenium.WebDriverTimeoutException: Timed out after 10 seconds ---&gt; OpenQA.Selenium.NoSuchWindowException: Unable to find element on closed window
   at OpenQA.Selenium.Remote.RemoteWebDriver.UnpackAndThrowOnError(Response errorResponse)
   at OpenQA.Selenium.Remote.RemoteWebDriver.Execute(String driverCommandToExecute, Dictionary`2 parameters)
   at OpenQA.Selenium.Remote.RemoteWebDriver.FindElement(String mechanism, String value)
   at OpenQA.Selenium.Remote.RemoteWebDriver.FindElementById(String id)
   at OpenQA.Selenium.By.&lt;&gt;c__DisplayClass2.&lt;Id&gt;b__0(ISearchContext context)
   at OpenQA.Selenium.By.FindElement(ISearchContext context)
   at OpenQA.Selenium.Remote.RemoteWebDriver.FindElement(By by)
   at OpenQA.Selenium.Support.PageObjects.DefaultElementLocator.LocateElement(IEnumerable`1 bys)
   at OpenQA.Selenium.Support.PageObjects.WebElementProxy.get_Element()
   at OpenQA.Selenium.Support.PageObjects.WebElementProxy.Invoke(IMessage msg)
   at System.Runtime.Remoting.Proxies.RealProxy.PrivateInvoke(MessageData&amp; msgData, Int32 type)
   at OpenQA.Selenium.IWebElement.get_Displayed()
   at SwamiQAWorks.PageObjects.ContactUsPage.&lt;SendAMessage&gt;b__15_0(IWebDriver d) in C:\Users\swaminathan\Documents\Visual Studio 2015\Projects\SwamiQAWorks\SwamiQAWorks\PageObjects\ContactUsPage.cs:line 47
   at OpenQA.Selenium.Support.UI.DefaultWait`1.Until[TResult](Func`2 condition)
   --- End of inner exception stack trace ---
   at OpenQA.Selenium.Support.UI.DefaultWait`1.ThrowTimeoutException(String exceptionMessage, Exception lastException)
   at OpenQA.Selenium.Support.UI.DefaultWait`1.Until[TResult](Func`2 condition)
   at SwamiQAWorks.PageObjects.ContactUsPage.SendAMessage(String name, String emailAddress, String message) in C:\Users\swaminathan\Documents\Visual Studio 2015\Projects\SwamiQAWorks\SwamiQAWorks\PageObjects\ContactUsPage.cs:line 47
   at SwamiQAWorks.Steps.ContactUsSteps.WhenISendAMessageAsAndWithEmailAddress(String message, String name, String emailAddress) in C:\Users\swaminathan\Documents\Visual Studio 2015\Projects\SwamiQAWorks\SwamiQAWorks\Steps\ContactUsSteps.cs:line 28
   at lambda_method(Closure , IContextManager , String , String , String )
   at TechTalk.SpecFlow.Bindings.BindingInvoker.InvokeBinding(IBinding binding, IContextManager contextManager, Object[] arguments, ITestTracer testTracer, TimeSpan&amp; duration)
   at TechTalk.SpecFlow.Infrastructure.TestExecutionEngine.ExecuteStepMatch(BindingMatch match, Object[] arguments)
   at TechTalk.SpecFlow.Infrastructure.TestExecutionEngine.ExecuteStep(StepInstance stepInstance)
   at TechTalk.SpecFlow.Infrastructure.TestExecutionEngine.OnAfterLastStep()
   at TechTalk.SpecFlow.TestRunner.CollectScenarioErrors()
   at SwamiQAWorks.Features.ContactUsFeature.ScenarioCleanup() in C:\Users\swaminathan\Documents\Visual Studio 2015\Projects\SwamiQAWorks\SwamiQAWorks\Features\ContactUs.feature.cs:line 0
   at SwamiQAWorks.Features.ContactUsFeature.ValidSubmission() in C:\Users\swaminathan\Documents\Visual Studio 2015\Projects\SwamiQAWorks\SwamiQAWorks\Features\ContactUs.feature:line 13
   at TechTalk.SpecRun.Framework.TaskExecutors.StaticOrInstanceMethodExecutor.ExecuteInternal(ITestThreadExecutionContext testThreadExecutionContext) in c:\TeamCity\BuildAgent\work\245a3e4d646c0875\TechTalk.SpecRun.Framework.Interfaces\TaskExecutors\StaticOrInstanceMethodExecutor.cs:line 40
   at TechTalk.SpecRun.Framework.TaskExecutors.StaticOrInstanceMethodExecutor.Execute(ITestThreadExecutionContext testThreadExecutionContext) in c:\TeamCity\BuildAgent\work\245a3e4d646c0875\TechTalk.SpecRun.Framework.Interfaces\TaskExecutors\StaticOrInstanceMethodExecutor.cs:line 21
   at TechTalk.SpecRun.Framework.TestAssemblyExecutor.ExecuteTestNodeTask(TestNode testNode, ITaskExecutor task, TraceEventType eventType) in c:\TeamCity\BuildAgent\work\245a3e4d646c0875\TechTalk.SpecRun.Framework.Executor\TestAssemblyExecutor.cs:line 215</pre>
                        </td>
                        <td>Failed in 10.741s</td>
                    </tr>
            </table>
            <a name="t-1666592388.1" />
            <h3>TestMethod: ValidSubmission (in SwamiQAWorks, SwamiQAWorks.Features.ContactUsFeature) retry #1</h3>
                <div class="description">
                    tags: contactUs
                </div>
            <ul>
                <li>Status: Failed</li>
                <li>Start time: 4/19/2016 1:46:02 AM</li>
                <li>Execution time (sec): 10.3291831</li>
                <li>Thread: #0</li>
                <li>Error: Timed out after 10 seconds -&gt; Unable to find element on closed window</li>
            </ul>
            <table class="testEvents">
                <tr>
                    <th>Steps</th>
                    <th>Trace</th>
                    <th>Result</th>
                </tr>
                    <tr>
                        <td>
                            <pre class="log"></pre>
                        </td>
                        <td>
                            <!-- [Test: TestMethod - ValidSubmission] -->
                            <pre class="log">Given I am on the Contact Us Page
-&gt; done: ContactUsSteps.GivenIAmOnTheContactUsPage() (0.0s)
When I send a message &quot;please contact me I want to find out more &quot; as &quot;j.Bloggs6&quot;and with email address &quot;j.Blogge@qaworks.com&quot;
-&gt; error: Timed out after 10 seconds
Then the message should be sent successfully
-&gt; skipped because of previous errors</pre>
                                <div class="errorMessage">Timed out after 10 seconds -&gt; Unable to find element on closed window</div>
                                <pre class="stackTrace">OpenQA.Selenium.WebDriverTimeoutException: Timed out after 10 seconds ---&gt; OpenQA.Selenium.NoSuchWindowException: Unable to find element on closed window
   at OpenQA.Selenium.Remote.RemoteWebDriver.UnpackAndThrowOnError(Response errorResponse)
   at OpenQA.Selenium.Remote.RemoteWebDriver.Execute(String driverCommandToExecute, Dictionary`2 parameters)
   at OpenQA.Selenium.Remote.RemoteWebDriver.FindElement(String mechanism, String value)
   at OpenQA.Selenium.Remote.RemoteWebDriver.FindElementById(String id)
   at OpenQA.Selenium.By.&lt;&gt;c__DisplayClass2.&lt;Id&gt;b__0(ISearchContext context)
   at OpenQA.Selenium.By.FindElement(ISearchContext context)
   at OpenQA.Selenium.Remote.RemoteWebDriver.FindElement(By by)
   at OpenQA.Selenium.Support.PageObjects.DefaultElementLocator.LocateElement(IEnumerable`1 bys)
   at OpenQA.Selenium.Support.PageObjects.WebElementProxy.get_Element()
   at OpenQA.Selenium.Support.PageObjects.WebElementProxy.Invoke(IMessage msg)
   at System.Runtime.Remoting.Proxies.RealProxy.PrivateInvoke(MessageData&amp; msgData, Int32 type)
   at OpenQA.Selenium.IWebElement.get_Displayed()
   at SwamiQAWorks.PageObjects.ContactUsPage.&lt;SendAMessage&gt;b__15_0(IWebDriver d) in C:\Users\swaminathan\Documents\Visual Studio 2015\Projects\SwamiQAWorks\SwamiQAWorks\PageObjects\ContactUsPage.cs:line 47
   at OpenQA.Selenium.Support.UI.DefaultWait`1.Until[TResult](Func`2 condition)
   --- End of inner exception stack trace ---
   at OpenQA.Selenium.Support.UI.DefaultWait`1.ThrowTimeoutException(String exceptionMessage, Exception lastException)
   at OpenQA.Selenium.Support.UI.DefaultWait`1.Until[TResult](Func`2 condition)
   at SwamiQAWorks.PageObjects.ContactUsPage.SendAMessage(String name, String emailAddress, String message) in C:\Users\swaminathan\Documents\Visual Studio 2015\Projects\SwamiQAWorks\SwamiQAWorks\PageObjects\ContactUsPage.cs:line 47
   at SwamiQAWorks.Steps.ContactUsSteps.WhenISendAMessageAsAndWithEmailAddress(String message, String name, String emailAddress) in C:\Users\swaminathan\Documents\Visual Studio 2015\Projects\SwamiQAWorks\SwamiQAWorks\Steps\ContactUsSteps.cs:line 28
   at lambda_method(Closure , IContextManager , String , String , String )
   at TechTalk.SpecFlow.Bindings.BindingInvoker.InvokeBinding(IBinding binding, IContextManager contextManager, Object[] arguments, ITestTracer testTracer, TimeSpan&amp; duration)
   at TechTalk.SpecFlow.Infrastructure.TestExecutionEngine.ExecuteStepMatch(BindingMatch match, Object[] arguments)
   at TechTalk.SpecFlow.Infrastructure.TestExecutionEngine.ExecuteStep(StepInstance stepInstance)
   at TechTalk.SpecFlow.Infrastructure.TestExecutionEngine.OnAfterLastStep()
   at TechTalk.SpecFlow.TestRunner.CollectScenarioErrors()
   at SwamiQAWorks.Features.ContactUsFeature.ScenarioCleanup() in C:\Users\swaminathan\Documents\Visual Studio 2015\Projects\SwamiQAWorks\SwamiQAWorks\Features\ContactUs.feature.cs:line 0
   at SwamiQAWorks.Features.ContactUsFeature.ValidSubmission() in C:\Users\swaminathan\Documents\Visual Studio 2015\Projects\SwamiQAWorks\SwamiQAWorks\Features\ContactUs.feature:line 13
   at TechTalk.SpecRun.Framework.TaskExecutors.StaticOrInstanceMethodExecutor.ExecuteInternal(ITestThreadExecutionContext testThreadExecutionContext) in c:\TeamCity\BuildAgent\work\245a3e4d646c0875\TechTalk.SpecRun.Framework.Interfaces\TaskExecutors\StaticOrInstanceMethodExecutor.cs:line 40
   at TechTalk.SpecRun.Framework.TaskExecutors.StaticOrInstanceMethodExecutor.Execute(ITestThreadExecutionContext testThreadExecutionContext) in c:\TeamCity\BuildAgent\work\245a3e4d646c0875\TechTalk.SpecRun.Framework.Interfaces\TaskExecutors\StaticOrInstanceMethodExecutor.cs:line 21
   at TechTalk.SpecRun.Framework.TestAssemblyExecutor.ExecuteTestNodeTask(TestNode testNode, ITaskExecutor task, TraceEventType eventType) in c:\TeamCity\BuildAgent\work\245a3e4d646c0875\TechTalk.SpecRun.Framework.Executor\TestAssemblyExecutor.cs:line 215</pre>
                        </td>
                        <td>Failed in 10.327s</td>
                    </tr>
            </table>
            <a name="t-1666592388.2" />
            <h3>TestMethod: ValidSubmission (in SwamiQAWorks, SwamiQAWorks.Features.ContactUsFeature) retry #2</h3>
                <div class="description">
                    tags: contactUs
                </div>
            <ul>
                <li>Status: Failed</li>
                <li>Start time: 4/19/2016 1:46:13 AM</li>
                <li>Execution time (sec): 10.3210414</li>
                <li>Thread: #0</li>
                <li>Error: Timed out after 10 seconds -&gt; Unable to find element on closed window</li>
            </ul>
            <table class="testEvents">
                <tr>
                    <th>Steps</th>
                    <th>Trace</th>
                    <th>Result</th>
                </tr>
                    <tr>
                        <td>
                            <pre class="log"></pre>
                        </td>
                        <td>
                            <!-- [Test: TestMethod - ValidSubmission] -->
                            <pre class="log">Given I am on the Contact Us Page
-&gt; done: ContactUsSteps.GivenIAmOnTheContactUsPage() (0.0s)
When I send a message &quot;please contact me I want to find out more &quot; as &quot;j.Bloggs6&quot;and with email address &quot;j.Blogge@qaworks.com&quot;
-&gt; error: Timed out after 10 seconds
Then the message should be sent successfully
-&gt; skipped because of previous errors</pre>
                                <div class="errorMessage">Timed out after 10 seconds -&gt; Unable to find element on closed window</div>
                                <pre class="stackTrace">OpenQA.Selenium.WebDriverTimeoutException: Timed out after 10 seconds ---&gt; OpenQA.Selenium.NoSuchWindowException: Unable to find element on closed window
   at OpenQA.Selenium.Remote.RemoteWebDriver.UnpackAndThrowOnError(Response errorResponse)
   at OpenQA.Selenium.Remote.RemoteWebDriver.Execute(String driverCommandToExecute, Dictionary`2 parameters)
   at OpenQA.Selenium.Remote.RemoteWebDriver.FindElement(String mechanism, String value)
   at OpenQA.Selenium.Remote.RemoteWebDriver.FindElementById(String id)
   at OpenQA.Selenium.By.&lt;&gt;c__DisplayClass2.&lt;Id&gt;b__0(ISearchContext context)
   at OpenQA.Selenium.By.FindElement(ISearchContext context)
   at OpenQA.Selenium.Remote.RemoteWebDriver.FindElement(By by)
   at OpenQA.Selenium.Support.PageObjects.DefaultElementLocator.LocateElement(IEnumerable`1 bys)
   at OpenQA.Selenium.Support.PageObjects.WebElementProxy.get_Element()
   at OpenQA.Selenium.Support.PageObjects.WebElementProxy.Invoke(IMessage msg)
   at System.Runtime.Remoting.Proxies.RealProxy.PrivateInvoke(MessageData&amp; msgData, Int32 type)
   at OpenQA.Selenium.IWebElement.get_Displayed()
   at SwamiQAWorks.PageObjects.ContactUsPage.&lt;SendAMessage&gt;b__15_0(IWebDriver d) in C:\Users\swaminathan\Documents\Visual Studio 2015\Projects\SwamiQAWorks\SwamiQAWorks\PageObjects\ContactUsPage.cs:line 47
   at OpenQA.Selenium.Support.UI.DefaultWait`1.Until[TResult](Func`2 condition)
   --- End of inner exception stack trace ---
   at OpenQA.Selenium.Support.UI.DefaultWait`1.ThrowTimeoutException(String exceptionMessage, Exception lastException)
   at OpenQA.Selenium.Support.UI.DefaultWait`1.Until[TResult](Func`2 condition)
   at SwamiQAWorks.PageObjects.ContactUsPage.SendAMessage(String name, String emailAddress, String message) in C:\Users\swaminathan\Documents\Visual Studio 2015\Projects\SwamiQAWorks\SwamiQAWorks\PageObjects\ContactUsPage.cs:line 47
   at SwamiQAWorks.Steps.ContactUsSteps.WhenISendAMessageAsAndWithEmailAddress(String message, String name, String emailAddress) in C:\Users\swaminathan\Documents\Visual Studio 2015\Projects\SwamiQAWorks\SwamiQAWorks\Steps\ContactUsSteps.cs:line 28
   at lambda_method(Closure , IContextManager , String , String , String )
   at TechTalk.SpecFlow.Bindings.BindingInvoker.InvokeBinding(IBinding binding, IContextManager contextManager, Object[] arguments, ITestTracer testTracer, TimeSpan&amp; duration)
   at TechTalk.SpecFlow.Infrastructure.TestExecutionEngine.ExecuteStepMatch(BindingMatch match, Object[] arguments)
   at TechTalk.SpecFlow.Infrastructure.TestExecutionEngine.ExecuteStep(StepInstance stepInstance)
   at TechTalk.SpecFlow.Infrastructure.TestExecutionEngine.OnAfterLastStep()
   at TechTalk.SpecFlow.TestRunner.CollectScenarioErrors()
   at SwamiQAWorks.Features.ContactUsFeature.ScenarioCleanup() in C:\Users\swaminathan\Documents\Visual Studio 2015\Projects\SwamiQAWorks\SwamiQAWorks\Features\ContactUs.feature.cs:line 0
   at SwamiQAWorks.Features.ContactUsFeature.ValidSubmission() in C:\Users\swaminathan\Documents\Visual Studio 2015\Projects\SwamiQAWorks\SwamiQAWorks\Features\ContactUs.feature:line 13
   at TechTalk.SpecRun.Framework.TaskExecutors.StaticOrInstanceMethodExecutor.ExecuteInternal(ITestThreadExecutionContext testThreadExecutionContext) in c:\TeamCity\BuildAgent\work\245a3e4d646c0875\TechTalk.SpecRun.Framework.Interfaces\TaskExecutors\StaticOrInstanceMethodExecutor.cs:line 40
   at TechTalk.SpecRun.Framework.TaskExecutors.StaticOrInstanceMethodExecutor.Execute(ITestThreadExecutionContext testThreadExecutionContext) in c:\TeamCity\BuildAgent\work\245a3e4d646c0875\TechTalk.SpecRun.Framework.Interfaces\TaskExecutors\StaticOrInstanceMethodExecutor.cs:line 21
   at TechTalk.SpecRun.Framework.TestAssemblyExecutor.ExecuteTestNodeTask(TestNode testNode, ITaskExecutor task, TraceEventType eventType) in c:\TeamCity\BuildAgent\work\245a3e4d646c0875\TechTalk.SpecRun.Framework.Executor\TestAssemblyExecutor.cs:line 215</pre>
                        </td>
                        <td>Failed in 10.32s</td>
                    </tr>
            </table>
            <a name="t1807523291.0" />
            <h3>TestMethod: InvalidSubmission(&quot;Joe&quot;,&quot;j.Bloggs@qaworks.com&quot;,&quot;&quot;,&quot;&quot;,&quot;&quot;,&quot;Please type your message&quot;,System.String[]) (in SwamiQAWorks, SwamiQAWorks.Features.ContactUsFeature, InvalidSubmission)</h3>
            <ul>
                <li>Status: Failed</li>
                <li>Start time: 4/19/2016 1:46:23 AM</li>
                <li>Execution time (sec): 10.3264222</li>
                <li>Thread: #0</li>
                <li>Error: Timed out after 10 seconds -&gt; Unable to find element on closed window</li>
            </ul>
            <table class="testEvents">
                <tr>
                    <th>Steps</th>
                    <th>Trace</th>
                    <th>Result</th>
                </tr>
                    <tr>
                        <td>
                            <pre class="log"></pre>
                        </td>
                        <td>
                            <!-- [Test: TestMethod - InvalidSubmission(&quot;Joe&quot;,&quot;j.Bloggs@qaworks.com&quot;,&quot;&quot;,&quot;&quot;,&quot;&quot;,&quot;Please type your message&quot;,System.String[])] -->
                            <pre class="log">Given I am on the Contact Us Page
-&gt; done: ContactUsSteps.GivenIAmOnTheContactUsPage() (0.0s)
When as &quot;Joe&quot; with&quot;j.Bloggs@qaworks.com&quot; I Attempt to send &quot;&quot; without filling in all the required fields
-&gt; error: Timed out after 10 seconds
Then the validation message should be &quot;&quot;,&quot;&quot; and &quot;Please type your message&quot;
-&gt; skipped because of previous errors</pre>
                                <div class="errorMessage">Timed out after 10 seconds -&gt; Unable to find element on closed window</div>
                                <pre class="stackTrace">OpenQA.Selenium.WebDriverTimeoutException: Timed out after 10 seconds ---&gt; OpenQA.Selenium.NoSuchWindowException: Unable to find element on closed window
   at OpenQA.Selenium.Remote.RemoteWebDriver.UnpackAndThrowOnError(Response errorResponse)
   at OpenQA.Selenium.Remote.RemoteWebDriver.Execute(String driverCommandToExecute, Dictionary`2 parameters)
   at OpenQA.Selenium.Remote.RemoteWebDriver.FindElement(String mechanism, String value)
   at OpenQA.Selenium.Remote.RemoteWebDriver.FindElementById(String id)
   at OpenQA.Selenium.By.&lt;&gt;c__DisplayClass2.&lt;Id&gt;b__0(ISearchContext context)
   at OpenQA.Selenium.By.FindElement(ISearchContext context)
   at OpenQA.Selenium.Remote.RemoteWebDriver.FindElement(By by)
   at OpenQA.Selenium.Support.PageObjects.DefaultElementLocator.LocateElement(IEnumerable`1 bys)
   at OpenQA.Selenium.Support.PageObjects.WebElementProxy.get_Element()
   at OpenQA.Selenium.Support.PageObjects.WebElementProxy.Invoke(IMessage msg)
   at System.Runtime.Remoting.Proxies.RealProxy.PrivateInvoke(MessageData&amp; msgData, Int32 type)
   at OpenQA.Selenium.IWebElement.get_Displayed()
   at SwamiQAWorks.PageObjects.ContactUsPage.&lt;SendAMessage&gt;b__15_0(IWebDriver d) in C:\Users\swaminathan\Documents\Visual Studio 2015\Projects\SwamiQAWorks\SwamiQAWorks\PageObjects\ContactUsPage.cs:line 47
   at OpenQA.Selenium.Support.UI.DefaultWait`1.Until[TResult](Func`2 condition)
   --- End of inner exception stack trace ---
   at OpenQA.Selenium.Support.UI.DefaultWait`1.ThrowTimeoutException(String exceptionMessage, Exception lastException)
   at OpenQA.Selenium.Support.UI.DefaultWait`1.Until[TResult](Func`2 condition)
   at SwamiQAWorks.PageObjects.ContactUsPage.SendAMessage(String name, String emailAddress, String message) in C:\Users\swaminathan\Documents\Visual Studio 2015\Projects\SwamiQAWorks\SwamiQAWorks\PageObjects\ContactUsPage.cs:line 47
   at SwamiQAWorks.Steps.ContactUsSteps.WhenAsWithIAttemptToSendWithoutFillingInAllTheRequiredFields(String name, String emailAddress, String message) in C:\Users\swaminathan\Documents\Visual Studio 2015\Projects\SwamiQAWorks\SwamiQAWorks\Steps\ContactUsSteps.cs:line 35
   at lambda_method(Closure , IContextManager , String , String , String )
   at TechTalk.SpecFlow.Bindings.BindingInvoker.InvokeBinding(IBinding binding, IContextManager contextManager, Object[] arguments, ITestTracer testTracer, TimeSpan&amp; duration)
   at TechTalk.SpecFlow.Infrastructure.TestExecutionEngine.ExecuteStepMatch(BindingMatch match, Object[] arguments)
   at TechTalk.SpecFlow.Infrastructure.TestExecutionEngine.ExecuteStep(StepInstance stepInstance)
   at TechTalk.SpecFlow.Infrastructure.TestExecutionEngine.OnAfterLastStep()
   at TechTalk.SpecFlow.TestRunner.CollectScenarioErrors()
   at SwamiQAWorks.Features.ContactUsFeature.ScenarioCleanup() in C:\Users\swaminathan\Documents\Visual Studio 2015\Projects\SwamiQAWorks\SwamiQAWorks\Features\ContactUs.feature.cs:line 0
   at SwamiQAWorks.Features.ContactUsFeature.InvalidSubmission(String user, String email_Address, String message, String name_Validation_Message, String email_Validation_Message, String message_Validation, String[] exampleTags) in C:\Users\swaminathan\Documents\Visual Studio 2015\Projects\SwamiQAWorks\SwamiQAWorks\Features\ContactUs.feature:line 17
   at TechTalk.SpecRun.Framework.TaskExecutors.StaticOrInstanceMethodExecutor.ExecuteInternal(ITestThreadExecutionContext testThreadExecutionContext) in c:\TeamCity\BuildAgent\work\245a3e4d646c0875\TechTalk.SpecRun.Framework.Interfaces\TaskExecutors\StaticOrInstanceMethodExecutor.cs:line 40
   at TechTalk.SpecRun.Framework.TaskExecutors.StaticOrInstanceMethodExecutor.Execute(ITestThreadExecutionContext testThreadExecutionContext) in c:\TeamCity\BuildAgent\work\245a3e4d646c0875\TechTalk.SpecRun.Framework.Interfaces\TaskExecutors\StaticOrInstanceMethodExecutor.cs:line 21
   at TechTalk.SpecRun.Framework.TestAssemblyExecutor.ExecuteTestNodeTask(TestNode testNode, ITaskExecutor task, TraceEventType eventType) in c:\TeamCity\BuildAgent\work\245a3e4d646c0875\TechTalk.SpecRun.Framework.Executor\TestAssemblyExecutor.cs:line 215</pre>
                        </td>
                        <td>Failed in 10.325s</td>
                    </tr>
            </table>
            <a name="t1807523291.1" />
            <h3>TestMethod: InvalidSubmission(&quot;Joe&quot;,&quot;j.Bloggs@qaworks.com&quot;,&quot;&quot;,&quot;&quot;,&quot;&quot;,&quot;Please type your message&quot;,System.String[]) (in SwamiQAWorks, SwamiQAWorks.Features.ContactUsFeature, InvalidSubmission) retry #1</h3>
            <ul>
                <li>Status: Failed</li>
                <li>Start time: 4/19/2016 1:46:33 AM</li>
                <li>Execution time (sec): 10.3217599</li>
                <li>Thread: #0</li>
                <li>Error: Timed out after 10 seconds -&gt; Unable to find element on closed window</li>
            </ul>
            <table class="testEvents">
                <tr>
                    <th>Steps</th>
                    <th>Trace</th>
                    <th>Result</th>
                </tr>
                    <tr>
                        <td>
                            <pre class="log"></pre>
                        </td>
                        <td>
                            <!-- [Test: TestMethod - InvalidSubmission(&quot;Joe&quot;,&quot;j.Bloggs@qaworks.com&quot;,&quot;&quot;,&quot;&quot;,&quot;&quot;,&quot;Please type your message&quot;,System.String[])] -->
                            <pre class="log">Given I am on the Contact Us Page
-&gt; done: ContactUsSteps.GivenIAmOnTheContactUsPage() (0.0s)
When as &quot;Joe&quot; with&quot;j.Bloggs@qaworks.com&quot; I Attempt to send &quot;&quot; without filling in all the required fields
-&gt; error: Timed out after 10 seconds
Then the validation message should be &quot;&quot;,&quot;&quot; and &quot;Please type your message&quot;
-&gt; skipped because of previous errors</pre>
                                <div class="errorMessage">Timed out after 10 seconds -&gt; Unable to find element on closed window</div>
                                <pre class="stackTrace">OpenQA.Selenium.WebDriverTimeoutException: Timed out after 10 seconds ---&gt; OpenQA.Selenium.NoSuchWindowException: Unable to find element on closed window
   at OpenQA.Selenium.Remote.RemoteWebDriver.UnpackAndThrowOnError(Response errorResponse)
   at OpenQA.Selenium.Remote.RemoteWebDriver.Execute(String driverCommandToExecute, Dictionary`2 parameters)
   at OpenQA.Selenium.Remote.RemoteWebDriver.FindElement(String mechanism, String value)
   at OpenQA.Selenium.Remote.RemoteWebDriver.FindElementById(String id)
   at OpenQA.Selenium.By.&lt;&gt;c__DisplayClass2.&lt;Id&gt;b__0(ISearchContext context)
   at OpenQA.Selenium.By.FindElement(ISearchContext context)
   at OpenQA.Selenium.Remote.RemoteWebDriver.FindElement(By by)
   at OpenQA.Selenium.Support.PageObjects.DefaultElementLocator.LocateElement(IEnumerable`1 bys)
   at OpenQA.Selenium.Support.PageObjects.WebElementProxy.get_Element()
   at OpenQA.Selenium.Support.PageObjects.WebElementProxy.Invoke(IMessage msg)
   at System.Runtime.Remoting.Proxies.RealProxy.PrivateInvoke(MessageData&amp; msgData, Int32 type)
   at OpenQA.Selenium.IWebElement.get_Displayed()
   at SwamiQAWorks.PageObjects.ContactUsPage.&lt;SendAMessage&gt;b__15_0(IWebDriver d) in C:\Users\swaminathan\Documents\Visual Studio 2015\Projects\SwamiQAWorks\SwamiQAWorks\PageObjects\ContactUsPage.cs:line 47
   at OpenQA.Selenium.Support.UI.DefaultWait`1.Until[TResult](Func`2 condition)
   --- End of inner exception stack trace ---
   at OpenQA.Selenium.Support.UI.DefaultWait`1.ThrowTimeoutException(String exceptionMessage, Exception lastException)
   at OpenQA.Selenium.Support.UI.DefaultWait`1.Until[TResult](Func`2 condition)
   at SwamiQAWorks.PageObjects.ContactUsPage.SendAMessage(String name, String emailAddress, String message) in C:\Users\swaminathan\Documents\Visual Studio 2015\Projects\SwamiQAWorks\SwamiQAWorks\PageObjects\ContactUsPage.cs:line 47
   at SwamiQAWorks.Steps.ContactUsSteps.WhenAsWithIAttemptToSendWithoutFillingInAllTheRequiredFields(String name, String emailAddress, String message) in C:\Users\swaminathan\Documents\Visual Studio 2015\Projects\SwamiQAWorks\SwamiQAWorks\Steps\ContactUsSteps.cs:line 35
   at lambda_method(Closure , IContextManager , String , String , String )
   at TechTalk.SpecFlow.Bindings.BindingInvoker.InvokeBinding(IBinding binding, IContextManager contextManager, Object[] arguments, ITestTracer testTracer, TimeSpan&amp; duration)
   at TechTalk.SpecFlow.Infrastructure.TestExecutionEngine.ExecuteStepMatch(BindingMatch match, Object[] arguments)
   at TechTalk.SpecFlow.Infrastructure.TestExecutionEngine.ExecuteStep(StepInstance stepInstance)
   at TechTalk.SpecFlow.Infrastructure.TestExecutionEngine.OnAfterLastStep()
   at TechTalk.SpecFlow.TestRunner.CollectScenarioErrors()
   at SwamiQAWorks.Features.ContactUsFeature.ScenarioCleanup() in C:\Users\swaminathan\Documents\Visual Studio 2015\Projects\SwamiQAWorks\SwamiQAWorks\Features\ContactUs.feature.cs:line 0
   at SwamiQAWorks.Features.ContactUsFeature.InvalidSubmission(String user, String email_Address, String message, String name_Validation_Message, String email_Validation_Message, String message_Validation, String[] exampleTags) in C:\Users\swaminathan\Documents\Visual Studio 2015\Projects\SwamiQAWorks\SwamiQAWorks\Features\ContactUs.feature:line 17
   at TechTalk.SpecRun.Framework.TaskExecutors.StaticOrInstanceMethodExecutor.ExecuteInternal(ITestThreadExecutionContext testThreadExecutionContext) in c:\TeamCity\BuildAgent\work\245a3e4d646c0875\TechTalk.SpecRun.Framework.Interfaces\TaskExecutors\StaticOrInstanceMethodExecutor.cs:line 40
   at TechTalk.SpecRun.Framework.TaskExecutors.StaticOrInstanceMethodExecutor.Execute(ITestThreadExecutionContext testThreadExecutionContext) in c:\TeamCity\BuildAgent\work\245a3e4d646c0875\TechTalk.SpecRun.Framework.Interfaces\TaskExecutors\StaticOrInstanceMethodExecutor.cs:line 21
   at TechTalk.SpecRun.Framework.TestAssemblyExecutor.ExecuteTestNodeTask(TestNode testNode, ITaskExecutor task, TraceEventType eventType) in c:\TeamCity\BuildAgent\work\245a3e4d646c0875\TechTalk.SpecRun.Framework.Executor\TestAssemblyExecutor.cs:line 215</pre>
                        </td>
                        <td>Failed in 10.32s</td>
                    </tr>
            </table>
            <a name="t1807523291.2" />
            <h3>TestMethod: InvalidSubmission(&quot;Joe&quot;,&quot;j.Bloggs@qaworks.com&quot;,&quot;&quot;,&quot;&quot;,&quot;&quot;,&quot;Please type your message&quot;,System.String[]) (in SwamiQAWorks, SwamiQAWorks.Features.ContactUsFeature, InvalidSubmission) retry #2</h3>
            <ul>
                <li>Status: Failed</li>
                <li>Start time: 4/19/2016 1:46:44 AM</li>
                <li>Execution time (sec): 4.5858454</li>
                <li>Thread: #0</li>
                <li>Error: Unexpected error. System.Net.WebException: Unable to connect to the remote server ---&gt; System.Net.Sockets.SocketException: No connection could be made because the target machine actively refused it 127.0.0.1:64628
   at System.Net.Sockets.Socket.DoConnect(EndPoint endPointSnapshot, SocketAddress socketAddress)
   at System.Net.ServicePoint.ConnectSocketInternal(Boolean connectFailure, Socket s4, Socket s6, Socket&amp; socket, IPAddress&amp; address, ConnectSocketState state, IAsyncResult asyncResult, Exception&amp; exception)
   --- End of inner exception stack trace ---
   at System.Net.HttpWebRequest.GetRequestStream(TransportContext&amp; context)
   at System.Net.HttpWebRequest.GetRequestStream()
   at OpenQA.Selenium.Remote.HttpCommandExecutor.Execute(Command commandToExecute)
   at OpenQA.Selenium.Remote.DriverServiceCommandExecutor.Execute(Command commandToExecute)
   at OpenQA.Selenium.Remote.RemoteWebDriver.Execute(String driverCommandToExecute, Dictionary`2 parameters)</li>
            </ul>
            <table class="testEvents">
                <tr>
                    <th>Steps</th>
                    <th>Trace</th>
                    <th>Result</th>
                </tr>
                    <tr>
                        <td>
                            <pre class="log"></pre>
                        </td>
                        <td>
                            <!-- [Test: TestMethod - InvalidSubmission(&quot;Joe&quot;,&quot;j.Bloggs@qaworks.com&quot;,&quot;&quot;,&quot;&quot;,&quot;&quot;,&quot;Please type your message&quot;,System.String[])] -->
                            <pre class="log">Given I am on the Contact Us Page
-&gt; done: ContactUsSteps.GivenIAmOnTheContactUsPage() (0.0s)
When as &quot;Joe&quot; with&quot;j.Bloggs@qaworks.com&quot; I Attempt to send &quot;&quot; without filling in all the required fields
-&gt; error: Unexpected error. System.Net.WebException: Unable to connect to the remote server ---&gt; System.Net.Sockets.SocketException: No connection could be made because the target machine actively refused it 127.0.0.1:64628
   at System.Net.Sockets.Socket.DoConnect(EndPoint endPointSnapshot, SocketAddress socketAddress)
   at System.Net.ServicePoint.ConnectSocketInternal(Boolean connectFailure, Socket s4, Socket s6, Socket&amp; socket, IPAddress&amp; address, ConnectSocketState state, IAsyncResult asyncResult, Exception&amp; exception)
   --- End of inner exception stack trace ---
   at System.Net.HttpWebRequest.GetRequestStream(TransportContext&amp; context)
   at System.Net.HttpWebRequest.GetRequestStream()
   at OpenQA.Selenium.Remote.HttpCommandExecutor.Execute(Command commandToExecute)
   at OpenQA.Selenium.Remote.DriverServiceCommandExecutor.Execute(Command commandToExecute)
   at OpenQA.Selenium.Remote.RemoteWebDriver.Execute(String driverCommandToExecute, Dictionary`2 parameters)
Then the validation message should be &quot;&quot;,&quot;&quot; and &quot;Please type your message&quot;
-&gt; skipped because of previous errors</pre>
                                <div class="errorMessage">Unexpected error. System.Net.WebException: Unable to connect to the remote server ---&gt; System.Net.Sockets.SocketException: No connection could be made because the target machine actively refused it 127.0.0.1:64628
   at System.Net.Sockets.Socket.DoConnect(EndPoint endPointSnapshot, SocketAddress socketAddress)
   at System.Net.ServicePoint.ConnectSocketInternal(Boolean connectFailure, Socket s4, Socket s6, Socket&amp; socket, IPAddress&amp; address, ConnectSocketState state, IAsyncResult asyncResult, Exception&amp; exception)
   --- End of inner exception stack trace ---
   at System.Net.HttpWebRequest.GetRequestStream(TransportContext&amp; context)
   at System.Net.HttpWebRequest.GetRequestStream()
   at OpenQA.Selenium.Remote.HttpCommandExecutor.Execute(Command commandToExecute)
   at OpenQA.Selenium.Remote.DriverServiceCommandExecutor.Execute(Command commandToExecute)
   at OpenQA.Selenium.Remote.RemoteWebDriver.Execute(String driverCommandToExecute, Dictionary`2 parameters)</div>
                                <pre class="stackTrace">OpenQA.Selenium.WebDriverException: Unexpected error. System.Net.WebException: Unable to connect to the remote server ---&gt; System.Net.Sockets.SocketException: No connection could be made because the target machine actively refused it 127.0.0.1:64628
   at System.Net.Sockets.Socket.DoConnect(EndPoint endPointSnapshot, SocketAddress socketAddress)
   at System.Net.ServicePoint.ConnectSocketInternal(Boolean connectFailure, Socket s4, Socket s6, Socket&amp; socket, IPAddress&amp; address, ConnectSocketState state, IAsyncResult asyncResult, Exception&amp; exception)
   --- End of inner exception stack trace ---
   at System.Net.HttpWebRequest.GetRequestStream(TransportContext&amp; context)
   at System.Net.HttpWebRequest.GetRequestStream()
   at OpenQA.Selenium.Remote.HttpCommandExecutor.Execute(Command commandToExecute)
   at OpenQA.Selenium.Remote.DriverServiceCommandExecutor.Execute(Command commandToExecute)
   at OpenQA.Selenium.Remote.RemoteWebDriver.Execute(String driverCommandToExecute, Dictionary`2 parameters)
   at OpenQA.Selenium.Remote.RemoteWebDriver.UnpackAndThrowOnError(Response errorResponse)
   at OpenQA.Selenium.Remote.RemoteWebDriver.Execute(String driverCommandToExecute, Dictionary`2 parameters)
   at OpenQA.Selenium.Remote.RemoteWebDriver.FindElement(String mechanism, String value)
   at OpenQA.Selenium.Remote.RemoteWebDriver.FindElementById(String id)
   at OpenQA.Selenium.By.&lt;&gt;c__DisplayClass2.&lt;Id&gt;b__0(ISearchContext context)
   at OpenQA.Selenium.By.FindElement(ISearchContext context)
   at OpenQA.Selenium.Remote.RemoteWebDriver.FindElement(By by)
   at OpenQA.Selenium.Support.PageObjects.DefaultElementLocator.LocateElement(IEnumerable`1 bys)
   at OpenQA.Selenium.Support.PageObjects.WebElementProxy.get_Element()
   at OpenQA.Selenium.Support.PageObjects.WebElementProxy.Invoke(IMessage msg)
   at System.Runtime.Remoting.Proxies.RealProxy.PrivateInvoke(MessageData&amp; msgData, Int32 type)
   at OpenQA.Selenium.IWebElement.get_Displayed()
   at SwamiQAWorks.PageObjects.ContactUsPage.&lt;SendAMessage&gt;b__15_0(IWebDriver d) in C:\Users\swaminathan\Documents\Visual Studio 2015\Projects\SwamiQAWorks\SwamiQAWorks\PageObjects\ContactUsPage.cs:line 47
   at OpenQA.Selenium.Support.UI.DefaultWait`1.Until[TResult](Func`2 condition)
   at SwamiQAWorks.PageObjects.ContactUsPage.SendAMessage(String name, String emailAddress, String message) in C:\Users\swaminathan\Documents\Visual Studio 2015\Projects\SwamiQAWorks\SwamiQAWorks\PageObjects\ContactUsPage.cs:line 47
   at SwamiQAWorks.Steps.ContactUsSteps.WhenAsWithIAttemptToSendWithoutFillingInAllTheRequiredFields(String name, String emailAddress, String message) in C:\Users\swaminathan\Documents\Visual Studio 2015\Projects\SwamiQAWorks\SwamiQAWorks\Steps\ContactUsSteps.cs:line 35
   at lambda_method(Closure , IContextManager , String , String , String )
   at TechTalk.SpecFlow.Bindings.BindingInvoker.InvokeBinding(IBinding binding, IContextManager contextManager, Object[] arguments, ITestTracer testTracer, TimeSpan&amp; duration)
   at TechTalk.SpecFlow.Infrastructure.TestExecutionEngine.ExecuteStepMatch(BindingMatch match, Object[] arguments)
   at TechTalk.SpecFlow.Infrastructure.TestExecutionEngine.ExecuteStep(StepInstance stepInstance)
   at TechTalk.SpecFlow.Infrastructure.TestExecutionEngine.OnAfterLastStep()
   at TechTalk.SpecFlow.TestRunner.CollectScenarioErrors()
   at SwamiQAWorks.Features.ContactUsFeature.ScenarioCleanup() in C:\Users\swaminathan\Documents\Visual Studio 2015\Projects\SwamiQAWorks\SwamiQAWorks\Features\ContactUs.feature.cs:line 0
   at SwamiQAWorks.Features.ContactUsFeature.InvalidSubmission(String user, String email_Address, String message, String name_Validation_Message, String email_Validation_Message, String message_Validation, String[] exampleTags) in C:\Users\swaminathan\Documents\Visual Studio 2015\Projects\SwamiQAWorks\SwamiQAWorks\Features\ContactUs.feature:line 17
   at TechTalk.SpecRun.Framework.TaskExecutors.StaticOrInstanceMethodExecutor.ExecuteInternal(ITestThreadExecutionContext testThreadExecutionContext) in c:\TeamCity\BuildAgent\work\245a3e4d646c0875\TechTalk.SpecRun.Framework.Interfaces\TaskExecutors\StaticOrInstanceMethodExecutor.cs:line 40
   at TechTalk.SpecRun.Framework.TaskExecutors.StaticOrInstanceMethodExecutor.Execute(ITestThreadExecutionContext testThreadExecutionContext) in c:\TeamCity\BuildAgent\work\245a3e4d646c0875\TechTalk.SpecRun.Framework.Interfaces\TaskExecutors\StaticOrInstanceMethodExecutor.cs:line 21
   at TechTalk.SpecRun.Framework.TestAssemblyExecutor.ExecuteTestNodeTask(TestNode testNode, ITaskExecutor task, TraceEventType eventType) in c:\TeamCity\BuildAgent\work\245a3e4d646c0875\TechTalk.SpecRun.Framework.Executor\TestAssemblyExecutor.cs:line 215</pre>
                        </td>
                        <td>Failed in 4.584s</td>
                    </tr>
            </table>
            <a name="t390157828.0" />
            <h3>TestMethod: InvalidSubmission(&quot;&quot;,&quot;j.Bloggs@qaworks.com&quot;,&quot;message&quot;,&quot;Your name is required&quot;,&quot;&quot;,&quot;&quot;,System.String[]) (in SwamiQAWorks, SwamiQAWorks.Features.ContactUsFeature, InvalidSubmission)</h3>
            <ul>
                <li>Status: Failed</li>
                <li>Start time: 4/19/2016 1:46:48 AM</li>
                <li>Execution time (sec): 4.0195438</li>
                <li>Thread: #0</li>
                <li>Error: Unexpected error. System.Net.WebException: Unable to connect to the remote server ---&gt; System.Net.Sockets.SocketException: No connection could be made because the target machine actively refused it 127.0.0.1:64628
   at System.Net.Sockets.Socket.DoConnect(EndPoint endPointSnapshot, SocketAddress socketAddress)
   at System.Net.ServicePoint.ConnectSocketInternal(Boolean connectFailure, Socket s4, Socket s6, Socket&amp; socket, IPAddress&amp; address, ConnectSocketState state, IAsyncResult asyncResult, Exception&amp; exception)
   --- End of inner exception stack trace ---
   at System.Net.HttpWebRequest.GetRequestStream(TransportContext&amp; context)
   at System.Net.HttpWebRequest.GetRequestStream()
   at OpenQA.Selenium.Remote.HttpCommandExecutor.Execute(Command commandToExecute)
   at OpenQA.Selenium.Remote.DriverServiceCommandExecutor.Execute(Command commandToExecute)
   at OpenQA.Selenium.Remote.RemoteWebDriver.Execute(String driverCommandToExecute, Dictionary`2 parameters)</li>
            </ul>
            <table class="testEvents">
                <tr>
                    <th>Steps</th>
                    <th>Trace</th>
                    <th>Result</th>
                </tr>
                    <tr>
                        <td>
                            <pre class="log"></pre>
                        </td>
                        <td>
                            <!-- [Test: TestMethod - InvalidSubmission(&quot;&quot;,&quot;j.Bloggs@qaworks.com&quot;,&quot;message&quot;,&quot;Your name is required&quot;,&quot;&quot;,&quot;&quot;,System.String[])] -->
                            <pre class="log">Given I am on the Contact Us Page
-&gt; done: ContactUsSteps.GivenIAmOnTheContactUsPage() (2.0s)
When as &quot;&quot; with&quot;j.Bloggs@qaworks.com&quot; I Attempt to send &quot;message&quot; without filling in all the required fields
-&gt; error: Unexpected error. System.Net.WebException: Unable to connect to the remote server ---&gt; System.Net.Sockets.SocketException: No connection could be made because the target machine actively refused it 127.0.0.1:64628
   at System.Net.Sockets.Socket.DoConnect(EndPoint endPointSnapshot, SocketAddress socketAddress)
   at System.Net.ServicePoint.ConnectSocketInternal(Boolean connectFailure, Socket s4, Socket s6, Socket&amp; socket, IPAddress&amp; address, ConnectSocketState state, IAsyncResult asyncResult, Exception&amp; exception)
   --- End of inner exception stack trace ---
   at System.Net.HttpWebRequest.GetRequestStream(TransportContext&amp; context)
   at System.Net.HttpWebRequest.GetRequestStream()
   at OpenQA.Selenium.Remote.HttpCommandExecutor.Execute(Command commandToExecute)
   at OpenQA.Selenium.Remote.DriverServiceCommandExecutor.Execute(Command commandToExecute)
   at OpenQA.Selenium.Remote.RemoteWebDriver.Execute(String driverCommandToExecute, Dictionary`2 parameters)
Then the validation message should be &quot;Your name is required&quot;,&quot;&quot; and &quot;&quot;
-&gt; skipped because of previous errors</pre>
                                <div class="errorMessage">Unexpected error. System.Net.WebException: Unable to connect to the remote server ---&gt; System.Net.Sockets.SocketException: No connection could be made because the target machine actively refused it 127.0.0.1:64628
   at System.Net.Sockets.Socket.DoConnect(EndPoint endPointSnapshot, SocketAddress socketAddress)
   at System.Net.ServicePoint.ConnectSocketInternal(Boolean connectFailure, Socket s4, Socket s6, Socket&amp; socket, IPAddress&amp; address, ConnectSocketState state, IAsyncResult asyncResult, Exception&amp; exception)
   --- End of inner exception stack trace ---
   at System.Net.HttpWebRequest.GetRequestStream(TransportContext&amp; context)
   at System.Net.HttpWebRequest.GetRequestStream()
   at OpenQA.Selenium.Remote.HttpCommandExecutor.Execute(Command commandToExecute)
   at OpenQA.Selenium.Remote.DriverServiceCommandExecutor.Execute(Command commandToExecute)
   at OpenQA.Selenium.Remote.RemoteWebDriver.Execute(String driverCommandToExecute, Dictionary`2 parameters)</div>
                                <pre class="stackTrace">OpenQA.Selenium.WebDriverException: Unexpected error. System.Net.WebException: Unable to connect to the remote server ---&gt; System.Net.Sockets.SocketException: No connection could be made because the target machine actively refused it 127.0.0.1:64628
   at System.Net.Sockets.Socket.DoConnect(EndPoint endPointSnapshot, SocketAddress socketAddress)
   at System.Net.ServicePoint.ConnectSocketInternal(Boolean connectFailure, Socket s4, Socket s6, Socket&amp; socket, IPAddress&amp; address, ConnectSocketState state, IAsyncResult asyncResult, Exception&amp; exception)
   --- End of inner exception stack trace ---
   at System.Net.HttpWebRequest.GetRequestStream(TransportContext&amp; context)
   at System.Net.HttpWebRequest.GetRequestStream()
   at OpenQA.Selenium.Remote.HttpCommandExecutor.Execute(Command commandToExecute)
   at OpenQA.Selenium.Remote.DriverServiceCommandExecutor.Execute(Command commandToExecute)
   at OpenQA.Selenium.Remote.RemoteWebDriver.Execute(String driverCommandToExecute, Dictionary`2 parameters)
   at OpenQA.Selenium.Remote.RemoteWebDriver.UnpackAndThrowOnError(Response errorResponse)
   at OpenQA.Selenium.Remote.RemoteWebDriver.Execute(String driverCommandToExecute, Dictionary`2 parameters)
   at OpenQA.Selenium.Remote.RemoteWebDriver.FindElement(String mechanism, String value)
   at OpenQA.Selenium.Remote.RemoteWebDriver.FindElementById(String id)
   at OpenQA.Selenium.By.&lt;&gt;c__DisplayClass2.&lt;Id&gt;b__0(ISearchContext context)
   at OpenQA.Selenium.By.FindElement(ISearchContext context)
   at OpenQA.Selenium.Remote.RemoteWebDriver.FindElement(By by)
   at OpenQA.Selenium.Support.PageObjects.DefaultElementLocator.LocateElement(IEnumerable`1 bys)
   at OpenQA.Selenium.Support.PageObjects.WebElementProxy.get_Element()
   at OpenQA.Selenium.Support.PageObjects.WebElementProxy.Invoke(IMessage msg)
   at System.Runtime.Remoting.Proxies.RealProxy.PrivateInvoke(MessageData&amp; msgData, Int32 type)
   at OpenQA.Selenium.IWebElement.get_Displayed()
   at SwamiQAWorks.PageObjects.ContactUsPage.&lt;SendAMessage&gt;b__15_0(IWebDriver d) in C:\Users\swaminathan\Documents\Visual Studio 2015\Projects\SwamiQAWorks\SwamiQAWorks\PageObjects\ContactUsPage.cs:line 47
   at OpenQA.Selenium.Support.UI.DefaultWait`1.Until[TResult](Func`2 condition)
   at SwamiQAWorks.PageObjects.ContactUsPage.SendAMessage(String name, String emailAddress, String message) in C:\Users\swaminathan\Documents\Visual Studio 2015\Projects\SwamiQAWorks\SwamiQAWorks\PageObjects\ContactUsPage.cs:line 47
   at SwamiQAWorks.Steps.ContactUsSteps.WhenAsWithIAttemptToSendWithoutFillingInAllTheRequiredFields(String name, String emailAddress, String message) in C:\Users\swaminathan\Documents\Visual Studio 2015\Projects\SwamiQAWorks\SwamiQAWorks\Steps\ContactUsSteps.cs:line 35
   at lambda_method(Closure , IContextManager , String , String , String )
   at TechTalk.SpecFlow.Bindings.BindingInvoker.InvokeBinding(IBinding binding, IContextManager contextManager, Object[] arguments, ITestTracer testTracer, TimeSpan&amp; duration)
   at TechTalk.SpecFlow.Infrastructure.TestExecutionEngine.ExecuteStepMatch(BindingMatch match, Object[] arguments)
   at TechTalk.SpecFlow.Infrastructure.TestExecutionEngine.ExecuteStep(StepInstance stepInstance)
   at TechTalk.SpecFlow.Infrastructure.TestExecutionEngine.OnAfterLastStep()
   at TechTalk.SpecFlow.TestRunner.CollectScenarioErrors()
   at SwamiQAWorks.Features.ContactUsFeature.ScenarioCleanup() in C:\Users\swaminathan\Documents\Visual Studio 2015\Projects\SwamiQAWorks\SwamiQAWorks\Features\ContactUs.feature.cs:line 0
   at SwamiQAWorks.Features.ContactUsFeature.InvalidSubmission(String user, String email_Address, String message, String name_Validation_Message, String email_Validation_Message, String message_Validation, String[] exampleTags) in C:\Users\swaminathan\Documents\Visual Studio 2015\Projects\SwamiQAWorks\SwamiQAWorks\Features\ContactUs.feature:line 17
   at TechTalk.SpecRun.Framework.TaskExecutors.StaticOrInstanceMethodExecutor.ExecuteInternal(ITestThreadExecutionContext testThreadExecutionContext) in c:\TeamCity\BuildAgent\work\245a3e4d646c0875\TechTalk.SpecRun.Framework.Interfaces\TaskExecutors\StaticOrInstanceMethodExecutor.cs:line 40
   at TechTalk.SpecRun.Framework.TaskExecutors.StaticOrInstanceMethodExecutor.Execute(ITestThreadExecutionContext testThreadExecutionContext) in c:\TeamCity\BuildAgent\work\245a3e4d646c0875\TechTalk.SpecRun.Framework.Interfaces\TaskExecutors\StaticOrInstanceMethodExecutor.cs:line 21
   at TechTalk.SpecRun.Framework.TestAssemblyExecutor.ExecuteTestNodeTask(TestNode testNode, ITaskExecutor task, TraceEventType eventType) in c:\TeamCity\BuildAgent\work\245a3e4d646c0875\TechTalk.SpecRun.Framework.Executor\TestAssemblyExecutor.cs:line 215</pre>
                        </td>
                        <td>Failed in 4.017s</td>
                    </tr>
            </table>
            <a name="t467803623.0" />
            <h3>TestMethod: InvalidSubmission(&quot;Joe&quot;,&quot;&quot;,&quot;message&quot;,&quot;&quot;,&quot;An Email address is required&quot;,&quot;&quot;,System.String[]) (in SwamiQAWorks, SwamiQAWorks.Features.ContactUsFeature, InvalidSubmission)</h3>
            <ul>
                <li>Status: Skipped</li>
                <li>Start time: 4/19/2016 1:46:54 AM</li>
                <li>Execution time (sec): 0</li>
                <li>Thread: #-1</li>
            </ul>
            <table class="testEvents">
                <tr>
                    <th>Steps</th>
                    <th>Trace</th>
                    <th>Result</th>
                </tr>
            </table>
            <a name="t-50418432.0" />
            <h3>TestMethod: InvalidSubmission(&quot;&quot;,&quot;&quot;,&quot;&quot;,&quot;Your name is required&quot;,&quot;An Email address is required&quot;,&quot;Please type your message&quot;,System.String[]) (in SwamiQAWorks, SwamiQAWorks.Features.ContactUsFeature, InvalidSubmission)</h3>
            <ul>
                <li>Status: Skipped</li>
                <li>Start time: 4/19/2016 1:46:54 AM</li>
                <li>Execution time (sec): 0</li>
                <li>Thread: #-1</li>
            </ul>
            <table class="testEvents">
                <tr>
                    <th>Steps</th>
                    <th>Trace</th>
                    <th>Result</th>
                </tr>
            </table>
            <a name="t-863224505.0" />
            <h3>TestMethod: InvalidSubmission(&quot;Joe&quot;,&quot;J.Blogss.email&quot;,&quot;message&quot;,&quot;&quot;,&quot;Invalid Email Address&quot;,&quot;&quot;,System.String[]) (in SwamiQAWorks, SwamiQAWorks.Features.ContactUsFeature, InvalidSubmission)</h3>
            <ul>
                <li>Status: Skipped</li>
                <li>Start time: 4/19/2016 1:46:54 AM</li>
                <li>Execution time (sec): 0</li>
                <li>Thread: #-1</li>
            </ul>
            <table class="testEvents">
                <tr>
                    <th>Steps</th>
                    <th>Trace</th>
                    <th>Result</th>
                </tr>
            </table>
	</body>
</html>
</a><div style='position: absolute; top:0px; right:10px; z-index: 1000; text-align: right; font-size: small; color: #FF5555'>
Generated by an evaluation version of SpecRun.<br />
This version can be used for evaluation purposes only.<br />
For obtaining a registered license please visit <a href='http://www.specflow.org/plus'>http://www.specflow.org/plus</a>.
</div>
