Discovering target: Default
Discovering tests from assembly: C:\Users\swaminathan\Documents\Visual Studio 2015\Projects\SwamiQAWorks\SwamiQAWorks\bin\Debug\SwamiQAWorks.dll
Appdomain Disposed
Test Suite Dump
#0: SwamiQAWorks/Default - 
#1: Default - 
#3: SwamiQAWorks - 
#4: SwamiQAWorks.Features.ContactUsFeature - 
#5: ValidSubmission - TestAssembly:SwamiQAWorks/TestClass:SwamiQAWorks.Features.ContactUsFeature/TestMethod:ValidSubmission
#6: InvalidSubmission - 
#7: InvalidSubmission("Joe","j.Bloggs@qaworks.com","","","","Please type your message",System.String[]) - TestAssembly:SwamiQAWorks/TestClass:SwamiQAWorks.Features.ContactUsFeature/ParameterizedTest:InvalidSubmission/TestMethod:InvalidSubmission(%22Joe%22%2c%22j.Bloggs%40qaworks.com%22%2c%22%22%2c%22%22%2c%22%22%2c%22Please+type+your+message%22%2cSystem.String%5b%5d)
#8: InvalidSubmission("","j.Bloggs@qaworks.com","message","Your name is required","","",System.String[]) - TestAssembly:SwamiQAWorks/TestClass:SwamiQAWorks.Features.ContactUsFeature/ParameterizedTest:InvalidSubmission/TestMethod:InvalidSubmission(%22%22%2c%22j.Bloggs%40qaworks.com%22%2c%22message%22%2c%22Your+name+is+required%22%2c%22%22%2c%22%22%2cSystem.String%5b%5d)
#9: InvalidSubmission("Joe","","message","","An Email address is required","",System.String[]) - TestAssembly:SwamiQAWorks/TestClass:SwamiQAWorks.Features.ContactUsFeature/ParameterizedTest:InvalidSubmission/TestMethod:InvalidSubmission(%22Joe%22%2c%22%22%2c%22message%22%2c%22%22%2c%22An+Email+address+is+required%22%2c%22%22%2cSystem.String%5b%5d)
#10: InvalidSubmission("","","","Your name is required","An Email address is required","Please type your message",System.String[]) - TestAssembly:SwamiQAWorks/TestClass:SwamiQAWorks.Features.ContactUsFeature/ParameterizedTest:InvalidSubmission/TestMethod:InvalidSubmission(%22%22%2c%22%22%2c%22%22%2c%22Your+name+is+required%22%2c%22An+Email+address+is+required%22%2c%22Please+type+your+message%22%2cSystem.String%5b%5d)
#11: InvalidSubmission("Joe","J.Blogss.email","message","","Invalid Email Address","",System.String[]) - TestAssembly:SwamiQAWorks/TestClass:SwamiQAWorks.Features.ContactUsFeature/ParameterizedTest:InvalidSubmission/TestMethod:InvalidSubmission(%22Joe%22%2c%22J.Blogss.email%22%2c%22message%22%2c%22%22%2c%22Invalid+Email+Address%22%2c%22%22%2cSystem.String%5b%5d)
End: Test Suite Dump -- X
Scheduler: considering #5 for thread #0
Scheduler: using #5 for thread #0
Test #5 is scheduled for thread #0
Thread #0: creating new test thread executor for SwamiQAWorks, Version=1.0.0.0, Culture=neutral, PublicKeyToken=null (target: Default)
Loading SpecRun type 'TechTalk.SpecRun.Framework.TestAssemblyExecutor' from: C:\Users\swaminathan\AppData\Local\Temp\VisualStudioTestExplorerExtensions\SpecRun.Runner.1.3.0\tools\TechTalk.SpecRun.Framework.Executor.dll
Test #5/0 is started on thread #0
T:Test environment set to staging
T:Given I am on the Contact Us Page
T:-> done: ContactUsSteps.GivenIAmOnTheContactUsPage() (0.3s)
T:When I send a message "please contact me I want to find out more " as "j.Bloggs6"and with email address "j.Blogge@qaworks.com"
T:-> error: Timed out after 10 seconds
T:Then the message should be sent successfully
T:-> skipped because of previous errors
Scheduler: dequeuing a rescheduled item: 5
Scheduler: considering #5 for thread #0
Scheduler: using #5 for thread #0
Test #5 is scheduled for thread #0
Test #5 is finished on thread #0 as Failed within 16.8156904 seconds
Test #5/1 is started on thread #0
T:Given I am on the Contact Us Page
T:-> done: ContactUsSteps.GivenIAmOnTheContactUsPage() (0.0s)
T:When I send a message "please contact me I want to find out more " as "j.Bloggs6"and with email address "j.Blogge@qaworks.com"
T:-> error: Timed out after 10 seconds
T:Then the message should be sent successfully
T:-> skipped because of previous errors
Scheduler: dequeuing a rescheduled item: 5
Scheduler: considering #5 for thread #0
Scheduler: using #5 for thread #0
Test #5 is scheduled for thread #0
Test #5 is finished on thread #0 as Failed within 10.3291831 seconds
Test #5/2 is started on thread #0
T:Given I am on the Contact Us Page
T:-> done: ContactUsSteps.GivenIAmOnTheContactUsPage() (0.0s)
T:When I send a message "please contact me I want to find out more " as "j.Bloggs6"and with email address "j.Blogge@qaworks.com"
T:-> error: Timed out after 10 seconds
T:Then the message should be sent successfully
T:-> skipped because of previous errors
Scheduler: considering #7 for thread #0
Scheduler: using #7 for thread #0
Test #7 is scheduled for thread #0
Test #5 is finished on thread #0 as Failed within 10.3210414 seconds
Test #7/0 is started on thread #0
T:Given I am on the Contact Us Page
T:-> done: ContactUsSteps.GivenIAmOnTheContactUsPage() (0.0s)
T:When as "Joe" with"j.Bloggs@qaworks.com" I Attempt to send "" without filling in all the required fields
T:-> error: Timed out after 10 seconds
T:Then the validation message should be "","" and "Please type your message"
T:-> skipped because of previous errors
Scheduler: dequeuing a rescheduled item: 7
Scheduler: considering #7 for thread #0
Scheduler: using #7 for thread #0
Test #7 is scheduled for thread #0
Test #7 is finished on thread #0 as Failed within 10.3264222 seconds
Test #7/1 is started on thread #0
T:Given I am on the Contact Us Page
T:-> done: ContactUsSteps.GivenIAmOnTheContactUsPage() (0.0s)
T:When as "Joe" with"j.Bloggs@qaworks.com" I Attempt to send "" without filling in all the required fields
T:-> error: Timed out after 10 seconds
T:Then the validation message should be "","" and "Please type your message"
T:-> skipped because of previous errors
Scheduler: dequeuing a rescheduled item: 7
Scheduler: considering #7 for thread #0
Scheduler: using #7 for thread #0
Test #7 is scheduled for thread #0
Test #7 is finished on thread #0 as Failed within 10.3217599 seconds
Test #7/2 is started on thread #0
T:Given I am on the Contact Us Page
T:-> done: ContactUsSteps.GivenIAmOnTheContactUsPage() (0.0s)
T:When as "Joe" with"j.Bloggs@qaworks.com" I Attempt to send "" without filling in all the required fields
T:-> error: Unexpected error. System.Net.WebException: Unable to connect to the remote server ---> System.Net.Sockets.SocketException: No connection could be made because the target machine actively refused it 127.0.0.1:64628
T:   at System.Net.Sockets.Socket.DoConnect(EndPoint endPointSnapshot, SocketAddress socketAddress)
T:   at System.Net.ServicePoint.ConnectSocketInternal(Boolean connectFailure, Socket s4, Socket s6, Socket& socket, IPAddress& address, ConnectSocketState state, IAsyncResult asyncResult, Exception& exception)
T:   --- End of inner exception stack trace ---
T:   at System.Net.HttpWebRequest.GetRequestStream(TransportContext& context)
T:   at System.Net.HttpWebRequest.GetRequestStream()
T:   at OpenQA.Selenium.Remote.HttpCommandExecutor.Execute(Command commandToExecute)
T:   at OpenQA.Selenium.Remote.DriverServiceCommandExecutor.Execute(Command commandToExecute)
T:   at OpenQA.Selenium.Remote.RemoteWebDriver.Execute(String driverCommandToExecute, Dictionary`2 parameters)
T:Then the validation message should be "","" and "Please type your message"
T:-> skipped because of previous errors
Scheduler: considering #8 for thread #0
Scheduler: using #8 for thread #0
Test #8 is scheduled for thread #0
Test #7 is finished on thread #0 as Failed within 4.5858454 seconds
Test #8/0 is started on thread #0
T:Given I am on the Contact Us Page
T:-> done: ContactUsSteps.GivenIAmOnTheContactUsPage() (2.0s)
T:When as "" with"j.Bloggs@qaworks.com" I Attempt to send "message" without filling in all the required fields
T:-> error: Unexpected error. System.Net.WebException: Unable to connect to the remote server ---> System.Net.Sockets.SocketException: No connection could be made because the target machine actively refused it 127.0.0.1:64628
T:   at System.Net.Sockets.Socket.DoConnect(EndPoint endPointSnapshot, SocketAddress socketAddress)
T:   at System.Net.ServicePoint.ConnectSocketInternal(Boolean connectFailure, Socket s4, Socket s6, Socket& socket, IPAddress& address, ConnectSocketState state, IAsyncResult asyncResult, Exception& exception)
T:   --- End of inner exception stack trace ---
T:   at System.Net.HttpWebRequest.GetRequestStream(TransportContext& context)
T:   at System.Net.HttpWebRequest.GetRequestStream()
T:   at OpenQA.Selenium.Remote.HttpCommandExecutor.Execute(Command commandToExecute)
T:   at OpenQA.Selenium.Remote.DriverServiceCommandExecutor.Execute(Command commandToExecute)
T:   at OpenQA.Selenium.Remote.RemoteWebDriver.Execute(String driverCommandToExecute, Dictionary`2 parameters)
T:Then the validation message should be "Your name is required","" and ""
T:-> skipped because of previous errors
Cancelling because configured number of failures reached
Test #8 is finished on thread #0 as Failed within 4.0195438 seconds
Appdomain Disposed
Scheduler: considering #9 for thread #-1
Scheduler: using #9 for thread #-1
Test #9 is scheduled for thread #-1
Test #9/0 is started on thread #-1
Test #9 is finished on thread #-1 as Skipped within 0 seconds
Scheduler: considering #10 for thread #-1
Scheduler: using #10 for thread #-1
Test #10 is scheduled for thread #-1
Test #10/0 is started on thread #-1
Test #10 is finished on thread #-1 as Skipped within 0 seconds
Scheduler: considering #11 for thread #-1
Scheduler: using #11 for thread #-1
Test #11 is scheduled for thread #-1
Test #11/0 is started on thread #-1
Test #11 is finished on thread #-1 as Skipped within 0 seconds
Total: 6 (test executions: 10)
Succeeded: 0
Ignored: 0
Pending: 0
Skipped: 3
Failed: 3
